"../../../../../Documents 2/Spr 19/Workshop/Parkour_P/Content/Mannequin/Character/Mesh/UE4_Mannequin_Skeleton.uasset" 0
"../../../../../Documents 2/Spr 19/Workshop/Parkour_P/Content/Mannequin/Animations/ThirdPersonIdle.uasset" 1
"../../../../../Documents 2/Spr 19/Workshop/Parkour_P/Content/Mannequin/Animations/ThirdPersonJump_End.uasset" 2
"../../../../../Documents 2/Spr 19/Workshop/Parkour_P/Content/Mannequin/Animations/ThirdPersonJump_Loop.uasset" 3
"../../../../../Documents 2/Spr 19/Workshop/Parkour_P/Content/Mannequin/Animations/ThirdPersonRun.uasset" 4
"../../../../../Documents 2/Spr 19/Workshop/Parkour_P/Content/Mannequin/Animations/ThirdPersonWalk.uasset" 5
"../../../Engine/Content/EditorBlueprintResources/StandardMacros.uasset" 6
"../../../../../Documents 2/Spr 19/Workshop/Parkour_P/Content/Mannequin/Animations/ThirdPerson_AnimBP.uasset" 7
"../../../../../Documents 2/Spr 19/Workshop/Parkour_P/Content/ThirdPersonBP/Leap_01.uasset" 8
"../../../../../Documents 2/Spr 19/Workshop/Parkour_P/Content/ThirdPersonBP/Leap_01_Montage.uasset" 9
"../../../../../Documents 2/Spr 19/Workshop/Parkour_P/Content/ThirdPersonBP/Mantle_200.uasset" 10
"../../../../../Documents 2/Spr 19/Workshop/Parkour_P/Content/ThirdPersonBP/Mantle_200_Montage.uasset" 11
"../../../../../Documents 2/Spr 19/Workshop/Parkour_P/Content/ThirdPersonBP/step.uasset" 12
"../../../../../Documents 2/Spr 19/Workshop/Parkour_P/Content/ThirdPersonBP/step_Montage.uasset" 13
"../../../../../Documents 2/Spr 19/Workshop/Parkour_P/Content/ThirdPersonBP/vault_01.uasset" 14
"../../../../../Documents 2/Spr 19/Workshop/Parkour_P/Content/ThirdPersonBP/vault_01_Montage.uasset" 15
"../../../Engine/Content/Functions/Engine_MaterialFunctions02/Utility/BlendAngleCorrectedNormals.uasset" 16
"../../../Engine/Content/Functions/MaterialLayerFunctions/MatLayerBlend_NormalBlend.uasset" 17
"../../../Engine/Content/Functions/MaterialLayerFunctions/MatLayerBlend_Simple.uasset" 18
"../../../../../Documents 2/Spr 19/Workshop/Parkour_P/Content/Mannequin/Character/Materials/MaterialLayers/T_ML_Rubber_Blue_01_D.uasset" 19
"../../../../../Documents 2/Spr 19/Workshop/Parkour_P/Content/Mannequin/Character/Materials/MaterialLayers/T_ML_Rubber_Blue_01_N.uasset" 20
"../../../../../Documents 2/Spr 19/Workshop/Parkour_P/Content/Mannequin/Character/Materials/MaterialLayers/ML_GlossyBlack_Latex_UE4.uasset" 21
"../../../../../Documents 2/Spr 19/Workshop/Parkour_P/Content/Mannequin/Character/Materials/MaterialLayers/ML_Plastic_Shiny_Beige.uasset" 22
"../../../../../Documents 2/Spr 19/Workshop/Parkour_P/Content/Mannequin/Character/Textures/UE4_LOGO_CARD.uasset" 23
"../../../../../Documents 2/Spr 19/Workshop/Parkour_P/Content/Mannequin/Character/Materials/MaterialLayers/ML_Plastic_Shiny_Beige_LOGO.uasset" 24
"../../../../../Documents 2/Spr 19/Workshop/Parkour_P/Content/Mannequin/Character/Materials/MaterialLayers/T_ML_Aluminum01.uasset" 25
"../../../../../Documents 2/Spr 19/Workshop/Parkour_P/Content/Mannequin/Character/Materials/MaterialLayers/T_ML_Aluminum01_N.uasset" 26
"../../../../../Documents 2/Spr 19/Workshop/Parkour_P/Content/Mannequin/Character/Materials/MaterialLayers/ML_SoftMetal_UE4.uasset" 27
"../../../../../Documents 2/Spr 19/Workshop/Parkour_P/Content/Mannequin/Character/Textures/UE4_Mannequin__normals.uasset" 28
"../../../../../Documents 2/Spr 19/Workshop/Parkour_P/Content/Mannequin/Character/Textures/UE4_Mannequin_MAT_MASKA.uasset" 29
"../../../../../Documents 2/Spr 19/Workshop/Parkour_P/Content/Mannequin/Character/Materials/M_UE4Man_Body.uasset" 30
"../../../../../Documents 2/Spr 19/Workshop/Parkour_P/Content/Mannequin/Character/Textures/UE4Man_Logo_N.uasset" 31
"../../../../../Documents 2/Spr 19/Workshop/Parkour_P/Content/Mannequin/Character/Materials/M_UE4Man_ChestLogo.uasset" 32
"../../../../../Documents 2/Spr 19/Workshop/Parkour_P/Content/Mannequin/Character/Mesh/SK_Mannequin_PhysicsAsset.uasset" 33
"../../../../../Documents 2/Spr 19/Workshop/Parkour_P/Content/Mannequin/Character/Mesh/SK_Mannequin.uasset" 34
"../../../../../Documents 2/Spr 19/Workshop/Parkour_P/Content/ThirdPersonBP/Blueprints/AIGhost.uasset" 35
"../../../../../Documents 2/Spr 19/Workshop/Parkour_P/Content/Geometry/Meshes/CubeMaterial.uasset" 36
"../../../../../Documents 2/Spr 19/Workshop/Parkour_P/Content/Geometry/Meshes/1M_Cube.uasset" 37
"../../../../../Documents 2/Spr 19/Workshop/Parkour_P/Content/ThirdPersonBP/Blueprints/PlatformGhost.uasset" 38
"../../../../../Documents 2/Spr 19/Workshop/Parkour_P/Content/ThirdPersonBP/Blueprints/BanishmentBomb.uasset" 39
"../../../../../Documents 2/Spr 19/Workshop/Parkour_P/Content/ThirdPersonBP/Anim_Structure.uasset" 40
"../../../../../Documents 2/Spr 19/Workshop/Parkour_P/Content/ThirdPersonBP/LedgeHeight.uasset" 41
"../../../../../Documents 2/Spr 19/Workshop/Parkour_P/Content/ThirdPersonBP/LedgeWidth.uasset" 42
"../../../../../Documents 2/Spr 19/Workshop/Parkour_P/Content/ThirdPersonBP/Blueprints/ThirdPersonCharacter.uasset" 43
"../../../../../Documents 2/Spr 19/Workshop/Parkour_P/Content/ThirdPersonBP/Blueprints/ThirdPersonGameMode.uasset" 44
"../../../Engine/Content/Functions/Engine_MaterialFunctions01/Opacity/CameraDepthFade.uasset" 45
"../../../Engine/Content/EngineMaterials/T_Default_Material_Grid_M.uasset" 46
"../../../Engine/Content/EngineMaterials/T_Default_Material_Grid_N.uasset" 47
"../../../Engine/Content/EngineMaterials/WorldGridMaterial.uasset" 48
"../../../Engine/Content/ArtTools/RenderToTexture/Meshes/S_1_Unit_Plane.uasset" 49
"../../../Engine/Content/EngineMaterials/DefaultMaterial.uasset" 50
"../../../Engine/Content/BasicShapes/Cone.uasset" 51
"../../../Engine/Content/BasicShapes/Cylinder.uasset" 52
"../../../Engine/Content/BasicShapes/Plane.uasset" 53
"../../../Engine/Content/BasicShapes/Sphere.uasset" 54
"../../../Engine/Content/EditorLandscapeResources/DataLayer.uasset" 55
"../../../Engine/Content/EditorMaterials/GizmoMaterial.uasset" 56
"../../../Engine/Content/EditorMaterials/MAT_Groups_Toggle.uasset" 57
"../../../Engine/Content/EditorMaterials/MAT_Groups_Visibility.uasset" 58
"../../../Engine/Content/EditorMaterials/PreviewShadowIndicator.uasset" 59
"../../../Engine/Content/EditorMaterials/PreviewShadowIndicatorMaterial.uasset" 60
"../../../Engine/Content/EditorMaterials/MatineeGroups/MAT_ColorTrack.uasset" 61
"../../../Engine/Content/EditorMaterials/MatineeGroups/MAT_Groups_Anim.uasset" 62
"../../../Engine/Content/EditorMaterials/MatineeGroups/MAT_Groups_AudioMaster.uasset" 63
"../../../Engine/Content/EditorMaterials/MatineeGroups/MAT_Groups_Director.uasset" 64
"../../../Engine/Content/EditorMaterials/MatineeGroups/MAT_Groups_Event.uasset" 65
"../../../Engine/Content/EditorMaterials/MatineeGroups/MAT_Groups_Fade.uasset" 66
"../../../Engine/Content/EditorMaterials/MatineeGroups/MAT_Groups_Float.uasset" 67
"../../../Engine/Content/EditorMaterials/MatineeGroups/MAT_Groups_Move.uasset" 68
"../../../Engine/Content/EditorMaterials/MatineeGroups/MAT_Groups_Slomo.uasset" 69
"../../../Engine/Content/EditorMaterials/MatineeGroups/MAT_Groups_Sound.uasset" 70
"../../../Engine/Content/EditorMaterials/MatineeGroups/MAT_Groups_Vector.uasset" 71
"../../../Engine/Content/EditorMaterials/ParticleSystems/PSysThumbnail_NoImage.uasset" 72
"../../../Engine/Content/EditorMaterials/ParticleSystems/PSysThumbnail_OOD.uasset" 73
"../../../Engine/Content/EditorMaterials/Camera/CineMat.uasset" 74
"../../../Engine/Content/EditorMaterials/Camera/MI_CineMat_Rig.uasset" 75
"../../../Engine/Content/EditorMeshes/Camera/SM_CraneRig_Arm.uasset" 76
"../../../Engine/Content/EditorMeshes/Camera/SM_CraneRig_Base.uasset" 77
"../../../Engine/Content/EditorMeshes/Camera/SM_CraneRig_Body.uasset" 78
"../../../Engine/Content/EditorMeshes/Camera/SM_CraneRig_Mount.uasset" 79
"../../../Engine/Content/EditorMeshes/Camera/SM_RailRig_Mount.uasset" 80
"../../../Engine/Content/EditorMeshes/Camera/SM_RailRig_Track.uasset" 81
"../../../Engine/Content/EditorResources/BSPVertex.uasset" 82
"../../../Engine/Content/EditorResources/EmptyActor.uasset" 83
"../../../Engine/Content/EditorResources/S_Actor.uasset" 84
"../../../Engine/Content/EditorResources/S_Trigger.uasset" 85
"../../../Engine/Content/EditorResources/LightIcons/S_LightError.uasset" 86
"../../../Engine/Content/EditorResources/SequenceRecorder/Countdown.uasset" 87
"../../../Engine/Content/EditorResources/SequenceRecorder/RecordingIndicator.uasset" 88
"../../../Engine/Content/EditorSounds/Notifications/CompileFailed.uasset" 89
"../../../Engine/Content/EditorSounds/Notifications/CompileFailed_Cue.uasset" 90
"../../../Engine/Content/EditorSounds/Notifications/CompileSuccess.uasset" 91
"../../../Engine/Content/EditorSounds/Notifications/CompileStart_Cue.uasset" 92
"../../../Engine/Content/EditorSounds/Notifications/CompileSuccess_Cue.uasset" 93
"../../../Engine/Content/EngineDamageTypes/DmgTypeBP_Environmental.uasset" 94
"../../../Engine/Content/EngineDebugMaterials/HeatmapGradient.uasset" 95
"../../../Engine/Content/EngineDebugMaterials/BoneWeightMaterial.uasset" 96
"../../../Engine/Content/EngineDebugMaterials/ClothMaterial.uasset" 97
"../../../Engine/Content/EngineDebugMaterials/ClothMaterial_WF.uasset" 98
"../../../Engine/Content/EngineDebugMaterials/DebugEditorMaterial.uasset" 99
"../../../Engine/Content/EngineDebugMaterials/DebugMeshMaterial.uasset" 100
"../../../Engine/Content/EngineDebugMaterials/GeomMaterial.uasset" 101
"../../../Engine/Content/EngineDebugMaterials/M_SimpleTranslucent.uasset" 102
"../../../Engine/Content/EngineFonts/Faces/RobotoBold.uasset" 103
"../../../Engine/Content/EngineFonts/Faces/RobotoBoldItalic.uasset" 104
"../../../Engine/Content/EngineFonts/Faces/RobotoItalic.uasset" 105
"../../../Engine/Content/EngineFonts/Faces/RobotoLight.uasset" 106
"../../../Engine/Content/EngineFonts/Faces/RobotoRegular.uasset" 107
"../../../Engine/Content/EngineFonts/Roboto.uasset" 108
"../../../Engine/Content/EngineFonts/Faces/RobotoTiny.uasset" 109
"../../../Engine/Content/EngineFonts/RobotoTiny.uasset" 110
"../../../Engine/Content/EngineMaterials/BaseFlattenDiffuseMap.uasset" 111
"../../../Engine/Content/EngineMaterials/BaseFlattenEmissiveMap.uasset" 112
"../../../Engine/Content/EngineMaterials/BaseFlattenGrayscaleMap.uasset" 113
"../../../Engine/Content/EngineMaterials/BaseFlattenNormalMap.uasset" 114
"../../../Engine/Content/EngineMaterials/BaseFlattenMaterial.uasset" 115
"../../../Engine/Content/EngineMaterials/DefaultBloomKernel.uasset" 116
"../../../Engine/Content/EngineMaterials/DefaultBokeh.uasset" 117
"../../../Engine/Content/EngineMaterials/DefaultDiffuse.uasset" 118
"../../../Engine/Content/EngineMaterials/DefaultDeferredDecalMaterial.uasset" 119
"../../../Engine/Content/EngineMaterials/DefaultLightFunctionMaterial.uasset" 120
"../../../Engine/Content/EngineMaterials/DefaultNormal_Uncompressed.uasset" 121
"../../../Engine/Content/EngineMaterials/DefaultPhysicalMaterial.uasset" 122
"../../../Engine/Content/Functions/Engine_MaterialFunctions02/Utility/BreakOutFloat2Components.uasset" 123
"../../../Engine/Content/EngineMaterials/DefaultPostProcessMaterial.uasset" 124
"../../../Engine/Content/EngineFonts/RobotoDistanceField.uasset" 125
"../../../Engine/Content/EngineMaterials/DefaultTextMaterialOpaque.uasset" 126
"../../../Engine/Content/EngineMaterials/DefaultWhiteGrid.uasset" 127
"../../../Engine/Content/EngineMaterials/EditorBrushMaterial.uasset" 128
"../../../Engine/Content/EngineMaterials/Good64x64TilingNoiseHighFreq.uasset" 129
"../../../Engine/Content/EngineMaterials/MiniFont.uasset" 130
"../../../Engine/Content/EngineMaterials/InvalidLightmapSettings.uasset" 131
"../../../Engine/Content/EngineMaterials/M_InvalidLightmapSettings.uasset" 132
"../../../Engine/Content/Functions/Engine_MaterialFunctions02/WorldPositionOffset/CameraOffset.uasset" 133
"../../../Engine/Content/EngineMaterials/PhAT_JointLimitMaterial.uasset" 134
"../../../Engine/Content/EngineMaterials/PreintegratedSkinBRDF.uasset" 135
"../../../Engine/Content/EngineMaterials/RemoveSurfaceMaterial.uasset" 136
"../../../Engine/Content/EngineMaterials/WeightMapPlaceholderTexture.uasset" 137
"../../../Engine/Content/EngineResources/WhiteSquareTexture.uasset" 138
"../../../Engine/Content/EngineMaterials/Widget3DPassThrough.uasset" 139
"../../../Engine/Content/EngineMaterials/Widget3DPassThrough_Masked.uasset" 140
"../../../Engine/Content/EngineMaterials/Widget3DPassThrough_Opaque.uasset" 141
"../../../Engine/Content/EngineMaterials/Widget3DPassThrough_Masked_OneSided.uasset" 142
"../../../Engine/Content/EngineMaterials/Widget3DPassThrough_Opaque_OneSided.uasset" 143
"../../../Engine/Content/EngineMaterials/Widget3DPassThrough_Translucent.uasset" 144
"../../../Engine/Content/EngineMaterials/Widget3DPassThrough_Translucent_OneSided.uasset" 145
"../../../Engine/Content/EngineMeshes/Cylinder.uasset" 146
"../../../Engine/Content/EngineMeshes/Sphere.uasset" 147
"../../../Engine/Content/EngineResources/Black.uasset" 148
"../../../Engine/Content/EngineResources/DefaultTexture.uasset" 149
"../../../Engine/Content/EngineResources/DefaultTextureCube.uasset" 150
"../../../Engine/Content/EngineResources/DefaultVolumeTexture2D.uasset" 151
"../../../Engine/Content/EngineResources/DefaultVolumeTexture.uasset" 152
"../../../Engine/Content/EngineResources/GradientTexture0.uasset" 153
"../../../Engine/Content/EngineSounds/Master.uasset" 154
"../../../Engine/Content/Functions/Engine_MaterialFunctions01/Shading/ConvertFromDiffSpec.uasset" 155
"../../../Engine/Content/Functions/Engine_MaterialFunctions01/Shading/PowerToRoughness.uasset" 156
"../../../Engine/Content/Functions/Engine_MaterialFunctions01/Texturing/FlattenNormal.uasset" 157
"../../../Engine/Content/Functions/Engine_MaterialFunctions01/Gradient/LinearGradient.uasset" 158
"../../../Engine/Content/Functions/Engine_MaterialFunctions01/ImageAdjustment/CheapContrast.uasset" 159
"../../../Engine/Content/Functions/Engine_MaterialFunctions02/SafeNormalize.uasset" 160
"../../../Engine/Content/Functions/Engine_MaterialFunctions02/Math/CreateThirdOrthogonalVector.uasset" 161
"../../../Engine/Content/Functions/Engine_MaterialFunctions02/Utility/BreakOutFloat3Components.uasset" 162
"../../../Engine/Content/Functions/Engine_MaterialFunctions02/Math/Transform3x3Matrix.uasset" 163
"../../../Engine/Content/Functions/Engine_MaterialFunctions02/Utility/MakeFloat3.uasset" 164
"../../../Engine/Content/Functions/Engine_MaterialFunctions02/ExampleContent/Textures/SphereRenderNormalsMap.uasset" 165
"../../../Engine/Content/Functions/Engine_MaterialFunctions02/WorldAlignedNormals_HighQuality.uasset" 166
"../../../Engine/Content/Functions/Engine_MaterialFunctions02/ExampleContent/Textures/water_d.uasset" 167
"../../../Engine/Content/Functions/MaterialLayerFunctions/MatLayerBlend_BakedNormal.uasset" 168
"../../../Engine/Content/Functions/MaterialLayerFunctions/MatLayerBlend_ModulateRoughness.uasset" 169
"../../../Engine/Content/Functions/MaterialLayerFunctions/MatLayerBlend_Standard.uasset" 170
"../../../Engine/Content/Maps/Templates/Thumbnails/Default.uasset" 171
"../../../Engine/Content/Maps/Templates/Thumbnails/VR-Basic.uasset" 172
"../../../Engine/Content/MobileResources/T_MobileControls_texture.uasset" 173
"../../../Engine/Content/MobileResources/T_MobileMenu2.uasset" 174
"../../../Engine/Content/MobileResources/HUD/AnalogHat.uasset" 175
"../../../Engine/Content/MobileResources/HUD/VirtualJoystick_Background.uasset" 176
"../../../Engine/Content/MobileResources/HUD/VirtualJoystick_Thumb.uasset" 177
"../../../Engine/Content/MobileResources/HUD/DefaultVirtualJoysticks.uasset" 178
"../../../Engine/Content/MobileResources/HUD/LeftVirtualJoystickOnly.uasset" 179
"../../../Engine/Content/MobileResources/HUD/MobileHUDButton1_off.uasset" 180
"../../../Engine/Content/MobileResources/HUD/MobileHUDButton1_on.uasset" 181
"../../../Engine/Content/MobileResources/HUD/MobileHUDButton2_off.uasset" 182
"../../../Engine/Content/MobileResources/HUD/MobileHUDButton2_on.uasset" 183
"../../../Engine/Content/MobileResources/HUD/MobileHUDButton3.uasset" 184
"../../../Engine/Content/MobileResources/HUD/MobileHUDButtonFire.uasset" 185
"../../../Engine/Content/MobileResources/HUD/MobileHUDDirectionPad.uasset" 186
"../../../Engine/Content/MobileResources/HUD/MobileHUDDirectionPad2.uasset" 187
"../../../Engine/Content/MobileResources/HUD/MobileHUDDirectionPad3.uasset" 188
"../../../Engine/Content/MobileResources/HUD/MobileHUDDirectionStick.uasset" 189
"../../../Engine/Content/MobileResources/HUD/T_Castle_ThumbstickInner.uasset" 190
"../../../Engine/Content/MobileResources/HUD/T_Castle_ThumbstickOutter.uasset" 191
"../../../Engine/Content/Tutorial/ContentIntroCurve.uasset" 192
"../../../Engine/Content/Tutorial/Basics/TutorialAssets/icon_tab_Levels_40x.uasset" 193
"../../../Engine/Content/Tutorial/BlueprintTutorials/TutorialAssets/Blueprint_64x.uasset" 194
"../../../Engine/Content/Tutorial/Landscape/TutorialAssets/Landscape.uasset" 195
"../../../Engine/Content/VREditor/LaserPointer/VR_LaserPower_01.uasset" 196
"../../../Engine/Content/VREditor/TransformGizmo/TransformGizmoMaterial.uasset" 197
"../../../Engine/Content/VREditor/TransformGizmo/TranslucentTransformGizmoMaterial.uasset" 198
"../../../Engine/Content/VREditor/TransformGizmo/BoundingBoxCorner.uasset" 199
"../../../Engine/Content/VREditor/TransformGizmo/BoundingBoxEdge.uasset" 200
"../../../Engine/Content/VREditor/TransformGizmo/PlaneTranslationHandle.uasset" 201
"../../../Engine/Content/VREditor/TransformGizmo/Main.uasset" 202
"../../../Engine/Content/VREditor/TransformGizmo/Xray.uasset" 203
"../../../Engine/Content/VREditor/TransformGizmo/SM_Sequencer_Key.uasset" 204
"../../../Engine/Content/VREditor/TransformGizmo/SM_Sequencer_Node.uasset" 205
"../../Plugins/2D/Paper2D/Content/PlaceholderTextures/DummySpriteTexture.uasset" 206
"../../Plugins/2D/Paper2D/Content/DummySprite.uasset" 207
"../../Plugins/2D/Paper2D/Content/DefaultPaperTerrainMaterial.uasset" 208
"../../Plugins/2D/Paper2D/Content/DefaultSpriteMaterial.uasset" 209
"../../Plugins/2D/Paper2D/Content/MaskedUnlitSpriteMaterial.uasset" 210
"../../Plugins/2D/Paper2D/Content/OpaqueUnlitSpriteMaterial.uasset" 211
"../../Plugins/Runtime/Oculus/OculusVR/Content/Materials/PokeAHoleMaterial.uasset" 212
"../../Plugins/Runtime/Oculus/OculusVR/Content/Textures/GearVRController_AO.uasset" 213
"../../Plugins/Runtime/Oculus/OculusVR/Content/Textures/GearVRController_Color.uasset" 214
"../../Plugins/Runtime/Oculus/OculusVR/Content/Textures/GearVRController_Normal.uasset" 215
"../../Plugins/Runtime/Oculus/OculusVR/Content/Materials/GearVRControllerMaterial.uasset" 216
"../../Plugins/Runtime/Oculus/OculusVR/Content/Meshes/GearVrController.uasset" 217
"../../Plugins/Runtime/Oculus/OculusVR/Content/Textures/touchController_albedo.uasset" 218
"../../Plugins/Runtime/Oculus/OculusVR/Content/Textures/touchController_controlmap.uasset" 219
"../../Plugins/Runtime/Oculus/OculusVR/Content/Materials/touchController_mat.uasset" 220
"../../Plugins/Runtime/Oculus/OculusVR/Content/Meshes/LeftTouchController.uasset" 221
"../../Plugins/Runtime/Oculus/OculusVR/Content/Meshes/RiftHMD.uasset" 222
"../../Plugins/Runtime/Oculus/OculusVR/Content/Meshes/RightTouchController.uasset" 223
"../../../../../Documents 2/Spr 19/Workshop/Parkour_P/Content/UI/Options.uasset" 224
"../../../../../Documents 2/Spr 19/Workshop/Parkour_P/Content/UI/MainMenu.uasset" 225
"../../../../../Documents 2/Spr 19/Workshop/Parkour_P/Content/Levels/MainMenu.umap" 226
"../../../Engine/Content/EngineSky/C_Sky_Cloud_Color.uasset" 227
"../../../Engine/Content/EngineSky/C_Sky_Horizon_Color.uasset" 228
"../../../Engine/Content/EngineSky/C_Sky_Zenith_Color.uasset" 229
"../../../Engine/Content/EngineSky/T_Sky_Blue.uasset" 230
"../../../Engine/Content/EngineSky/T_Sky_Clouds_M.uasset" 231
"../../../Engine/Content/EngineSky/T_Sky_Stars.uasset" 232
"../../../Engine/Content/EngineSky/M_Sky_Panning_Clouds2.uasset" 233
"../../../Engine/Content/EngineSky/SM_SkySphere.uasset" 234
"../../../Engine/Content/EngineSky/BP_Sky_Sphere.uasset" 235
"../../../../../Documents 2/Spr 19/Workshop/Parkour_P/Content/ThirdPersonBP/Blueprints/splineActor.uasset" 236
"../../../../../Documents 2/Spr 19/Workshop/Parkour_P/Content/Levels/World_BuiltData.uasset" 237
"../../../../../Documents 2/Spr 19/Workshop/Parkour_P/Content/Geometry/Meshes/1M_Cube_Chamfer.uasset" 238
"../../../../../Documents 2/Spr 19/Workshop/Parkour_P/Content/Geometry/Meshes/S_Pipe_Spline.uasset" 239
"../../../../../Documents 2/Spr 19/Workshop/Parkour_P/Content/Geometry/Meshes/TemplateFloor.uasset" 240
"../../../../../Documents 2/Spr 19/Workshop/Parkour_P/Content/ThirdPerson/Meshes/RampMaterial.uasset" 241
"../../../../../Documents 2/Spr 19/Workshop/Parkour_P/Content/ThirdPerson/Meshes/Bump_StaticMesh.uasset" 242
"../../../../../Documents 2/Spr 19/Workshop/Parkour_P/Content/ThirdPerson/Meshes/LeftArm_StaticMesh.uasset" 243
"../../../../../Documents 2/Spr 19/Workshop/Parkour_P/Content/ThirdPerson/Meshes/Linear_Stair_StaticMesh.uasset" 244
"../../../../../Documents 2/Spr 19/Workshop/Parkour_P/Content/ThirdPerson/Meshes/Ramp_StaticMesh.uasset" 245
"../../../../../Documents 2/Spr 19/Workshop/Parkour_P/Content/ThirdPerson/Meshes/RightArm_StaticMesh.uasset" 246
"../../../../../Documents 2/Spr 19/Workshop/Parkour_P/Content/Levels/World.umap" 247
"../../../../../Documents 2/Spr 19/Workshop/Parkour_P/Content/ThirdPersonBP/Maps/GhostRealm_BuiltData.uasset" 248
"../../../Engine/Content/BasicShapes/BasicShapeMaterial.uasset" 249
"../../../Engine/Content/BasicShapes/Cube.uasset" 250
"../../../../../Documents 2/Spr 19/Workshop/Parkour_P/Content/ThirdPersonBP/Maps/GhostRealm.umap" 251
"../../../../../Documents 2/Spr 19/Workshop/Parkour_P/Content/ThirdPersonBP/Maps/ThirdPersonExampleMap_BuiltData.uasset" 252
"../../../../../Documents 2/Spr 19/Workshop/Parkour_P/Content/ThirdPersonBP/Maps/ThirdPersonExampleMap.umap" 253
"../../../Engine/Content/Maps/Entry_BuiltData.uasset" 254
"../../../Engine/Content/Maps/Entry.umap" 255
