Log file open, 02/04/19 13:39:55
LogWindows: Failed to load 'aqProf.dll' (GetLastError=126)
LogWindows: File 'aqProf.dll' does not exist
LogWindows: Failed to load 'VtuneApi.dll' (GetLastError=126)
LogWindows: File 'VtuneApi.dll' does not exist
LogWindows: Failed to load 'VtuneApi32e.dll' (GetLastError=126)
LogWindows: File 'VtuneApi32e.dll' does not exist
LogConsoleResponse: Display: Failed to find resolution value strings in scalability ini. Falling back to default.
LogInit: Display: Running engine for game: Parkour_Solution_17
LogPakFile: Registered encryption key '00000000000000000000000000000000': 0 pak files mounted, 0 remain pending
LogPlatformFile: Not using cached read wrapper
LogTaskGraph: Started task graph with 5 named threads and 23 total threads with 3 sets of task threads.
LogStats: Stats thread started at 0.329778
LogD3D11RHI: Loaded GFSDK_Aftermath_Lib.x64.dll
LogICUInternationalization: ICU TimeZone Detection - Raw Offset: -5:00, Platform Override: ''
LogPluginManager: Mounting plugin Paper2D
LogPluginManager: Mounting plugin AISupport
LogPluginManager: Mounting plugin LightPropagationVolume
LogPluginManager: Mounting plugin ActorLayerUtilities
LogPluginManager: Mounting plugin CLionSourceCodeAccess
LogPluginManager: Mounting plugin CodeLiteSourceCodeAccess
LogPluginManager: Mounting plugin GitSourceControl
LogPluginManager: Mounting plugin KDevelopSourceCodeAccess
LogPluginManager: Mounting plugin NullSourceCodeAccess
LogPluginManager: Mounting plugin PerforceSourceControl
LogPluginManager: Mounting plugin SubversionSourceControl
LogPluginManager: Mounting plugin UObjectPlugin
LogPluginManager: Mounting plugin VisualStudioCodeSourceCodeAccess
LogPluginManager: Mounting plugin VisualStudioSourceCodeAccess
LogPluginManager: Mounting plugin XCodeSourceCodeAccess
LogPluginManager: Mounting plugin AssetManagerEditor
LogPluginManager: Mounting plugin CryptoKeys
LogPluginManager: Mounting plugin DataValidation
LogPluginManager: Mounting plugin FacialAnimation
LogPluginManager: Mounting plugin GameplayTagsEditor
LogPluginManager: Mounting plugin MacGraphicsSwitching
LogPluginManager: Mounting plugin MeshEditor
LogPluginManager: Mounting plugin MobileLauncherProfileWizard
LogPluginManager: Mounting plugin PluginBrowser
LogPluginManager: Mounting plugin SpeedTreeImporter
LogPluginManager: Mounting plugin DatasmithContent
LogPluginManager: Mounting plugin VariantManagerContent
LogPluginManager: Mounting plugin AlembicImporter
LogPluginManager: Mounting plugin AppleImageUtils
LogPluginManager: Mounting plugin AppleVision
LogPluginManager: Mounting plugin BackChannel
LogPluginManager: Mounting plugin CharacterAI
LogPluginManager: Mounting plugin GeometryCache
LogPluginManager: Mounting plugin HTML5Networking
LogPluginManager: Mounting plugin ProxyLODPlugin
LogPluginManager: Mounting plugin MagicLeap
LogPluginManager: Mounting plugin MagicLeapMedia
LogPluginManager: Mounting plugin AndroidMedia
LogPluginManager: Mounting plugin AvfMedia
LogPluginManager: Mounting plugin ImgMedia
LogPluginManager: Mounting plugin LinearTimecode
LogPluginManager: Mounting plugin MediaCompositing
LogPluginManager: Mounting plugin MediaPlayerEditor
LogPluginManager: Mounting plugin WebMMedia
LogPluginManager: Mounting plugin WmfMedia
LogPluginManager: Mounting plugin TcpMessaging
LogPluginManager: Mounting plugin UdpMessaging
LogPluginManager: Mounting plugin ActorSequence
LogPluginManager: Mounting plugin LevelSequenceEditor
LogPluginManager: Mounting plugin MatineeToLevelSequence
LogPluginManager: Mounting plugin NetcodeUnitTest
LogPluginManager: Mounting plugin NUTUnrealEngine4
LogPluginManager: Mounting plugin OnlineSubsystemGooglePlay
LogPluginManager: Mounting plugin OnlineSubsystemIOS
LogPluginManager: Mounting plugin OnlineSubsystem
LogPluginManager: Mounting plugin OnlineSubsystemNull
LogPluginManager: Mounting plugin OnlineSubsystemUtils
LogPluginManager: Mounting plugin LauncherChunkInstaller
LogPluginManager: Mounting plugin AndroidDeviceProfileSelector
LogPluginManager: Mounting plugin AndroidMoviePlayer
LogPluginManager: Mounting plugin AndroidPermission
LogPluginManager: Mounting plugin AppleMoviePlayer
LogPluginManager: Mounting plugin ArchVisCharacter
LogPluginManager: Mounting plugin AudioCapture
LogPluginManager: Mounting plugin CableComponent
LogPluginManager: Mounting plugin CustomMeshComponent
LogPluginManager: Mounting plugin EditableMesh
LogPluginManager: Mounting plugin ExampleDeviceProfileSelector
LogPluginManager: Mounting plugin Firebase
LogPluginManager: Mounting plugin GoogleCloudMessaging
LogPluginManager: Mounting plugin IOSDeviceProfileSelector
LogPluginManager: Mounting plugin LinuxDeviceProfileSelector
LogPluginManager: Mounting plugin LocationServicesBPLibrary
LogPluginManager: Mounting plugin MobilePatchingUtils
LogPluginManager: Mounting plugin OculusVR
LogPluginManager: Mounting plugin PhysXVehicles
LogPluginManager: Mounting plugin ProceduralMeshComponent
LogPluginManager: Mounting plugin RuntimePhysXCooking
LogPluginManager: Mounting plugin SteamVR
LogPluginManager: Mounting plugin WebMMoviePlayer
LogPluginManager: Mounting plugin WindowsMoviePlayer
LogStreaming: Display: Took  0.543s to configure plugins.
LogInit: Using libcurl 7.55.1-DEV
LogInit:  - built for x86_64-pc-win32
LogInit:  - supports SSL with OpenSSL/1.0.2h
LogInit:  - supports HTTP deflate (compression) using libz 1.2.8
LogInit:  - other features:
LogInit:      CURL_VERSION_SSL
LogInit:      CURL_VERSION_LIBZ
LogInit:      CURL_VERSION_IPV6
LogInit:      CURL_VERSION_ASYNCHDNS
LogInit:      CURL_VERSION_LARGEFILE
LogInit:      CURL_VERSION_IDN
LogInit:  CurlRequestOptions (configurable via config and command line):
LogInit:  - bVerifyPeer = true  - Libcurl will verify peer certificate
LogInit:  - bUseHttpProxy = false  - Libcurl will NOT use HTTP proxy
LogInit:  - bDontReuseConnections = false  - Libcurl will reuse connections
LogInit:  - MaxHostConnections = 16  - Libcurl will limit the number of connections to a host
LogInit:  - LocalHostAddr = Default
LogInit:  - BufferSize = 65536
LogInit: WinSock: version 1.1 (2.2), MaxSocks=32767, MaxUdp=65467
LogInit: Build: ++UE4+Release-4.21-CL-4613538
LogInit: Engine Version: 4.21.1-4613538+++UE4+Release-4.21
LogInit: Compatible Engine Version: 4.21.0-4541578+++UE4+Release-4.21
LogInit: Net CL: 4541578
LogInit: OS: Windows 10 (), CPU: Intel(R) Core(TM) i7-6700HQ CPU @ 2.60GHz, GPU: Intel(R) HD Graphics 530
LogInit: Compiled (64-bit): Nov 30 2018 04:13:25
LogInit: Compiled with Visual C++: 19.13.26129.00
LogInit: Build Configuration: Development
LogInit: Branch Name: ++UE4+Release-4.21
LogInit: Command Line: 
LogInit: Base Directory: D:/Games/UE_4.21/Engine/Binaries/Win64/
LogInit: Installed Engine Build: 1
LogDevObjectVersion: Number of dev versions registered: 22
LogDevObjectVersion:   Dev-Blueprints (B0D832E4-1F89-4F0D-ACCF-7EB736FD4AA2): 10
LogDevObjectVersion:   Dev-Build (E1C64328-A22C-4D53-A36C-8E866417BD8C): 0
LogDevObjectVersion:   Dev-Core (375EC13C-06E4-48FB-B500-84F0262A717E): 2
LogDevObjectVersion:   Dev-Editor (E4B068ED-F494-42E9-A231-DA0B2E46BB41): 26
LogDevObjectVersion:   Dev-Framework (CFFC743F-43B0-4480-9391-14DF171D2073): 34
LogDevObjectVersion:   Dev-Mobile (B02B49B5-BB20-44E9-A304-32B752E40360): 2
LogDevObjectVersion:   Dev-Networking (A4E4105C-59A1-49B5-A7C5-40C4547EDFEE): 0
LogDevObjectVersion:   Dev-Online (39C831C9-5AE6-47DC-9A44-9C173E1C8E7C): 0
LogDevObjectVersion:   Dev-Physics (78F01B33-EBEA-4F98-B9B4-84EACCB95AA2): 0
LogDevObjectVersion:   Dev-Platform (6631380F-2D4D-43E0-8009-CF276956A95A): 0
LogDevObjectVersion:   Dev-Rendering (12F88B9F-8875-4AFC-A67C-D90C383ABD29): 27
LogDevObjectVersion:   Dev-Sequencer (7B5AE74C-D270-4C10-A958-57980B212A5A): 9
LogDevObjectVersion:   Dev-VR (D7296918-1DD6-4BDD-9DE2-64A83CC13884): 2
LogDevObjectVersion:   Dev-LoadTimes (C2A15278-BFE7-4AFE-6C17-90FF531DF755): 1
LogDevObjectVersion:   Private-Geometry (6EACA3D4-40EC-4CC1-B786-8BED09428FC5): 3
LogDevObjectVersion:   Dev-AnimPhys (29E575DD-E0A3-4627-9D10-D276232CDCEA): 17
LogDevObjectVersion:   Dev-Anim (AF43A65D-7FD3-4947-9873-3E8ED9C1BB05): 2
LogDevObjectVersion:   Dev-ReflectionCapture (6B266CEC-1EC7-4B8F-A30B-E4D90942FC07): 1
LogDevObjectVersion:   Dev-Automation (0DF73D61-A23F-47EA-B727-89E90C41499A): 1
LogDevObjectVersion:   FortniteMain (601D1886-AC64-4F84-AA16-D3DE0DEAC7D6): 17
LogDevObjectVersion:   Dev-Enterprise (9DFFBCD6-494F-0158-E221-12823C92A888): 4
LogDevObjectVersion:   Dev-Niagara (F2AED0AC-9AFE-416F-8664-AA7FFA26D6FC): 1
LogStreaming: Display: Took  0.001s to delete old logs.
LogInit: Presizing for max 8388607 objects, including 0 objects not considered by GC, pre-allocating 0 bytes for permanent pool.
LogInit: Object subsystem initialized
LogConfig: Setting CVar [[con.DebugEarlyDefault:1]]
LogConfig: Setting CVar [[r.setres:1280x720]]
[2019.02.04-18.39.56:423][  0]LogConfig: Setting CVar [[r.VSync:0]]
[2019.02.04-18.39.56:423][  0]LogConfig: Setting CVar [[r.RHICmdBypass:0]]
[2019.02.04-18.39.56:423][  0]LogConfig: Applying CVar settings from Section [/Script/Engine.RendererSettings] File [D:/Documents 2/Spr 19/Workshop/vaultTest/Saved/Config/Windows/Engine.ini]
[2019.02.04-18.39.56:423][  0]LogConfig: Setting CVar [[r.GPUCrashDebugging:0]]
[2019.02.04-18.39.56:423][  0]LogConfig: Applying CVar settings from Section [/Script/Engine.RendererOverrideSettings] File [D:/Documents 2/Spr 19/Workshop/vaultTest/Saved/Config/Windows/Engine.ini]
[2019.02.04-18.39.56:423][  0]LogConfig: Applying CVar settings from Section [/Script/Engine.StreamingSettings] File [D:/Documents 2/Spr 19/Workshop/vaultTest/Saved/Config/Windows/Engine.ini]
[2019.02.04-18.39.56:423][  0]LogConfig: Setting CVar [[s.MinBulkDataSizeForAsyncLoading:131072]]
[2019.02.04-18.39.56:423][  0]LogConfig: Setting CVar [[s.AsyncLoadingThreadEnabled:0]]
[2019.02.04-18.39.56:423][  0]LogConfig: Setting CVar [[s.EventDrivenLoaderEnabled:1]]
[2019.02.04-18.39.56:423][  0]LogConfig: Setting CVar [[s.WarnIfTimeLimitExceeded:0]]
[2019.02.04-18.39.56:423][  0]LogConfig: Setting CVar [[s.TimeLimitExceededMultiplier:1.5]]
[2019.02.04-18.39.56:423][  0]LogConfig: Setting CVar [[s.TimeLimitExceededMinTime:0.005]]
[2019.02.04-18.39.56:423][  0]LogConfig: Setting CVar [[s.UseBackgroundLevelStreaming:1]]
[2019.02.04-18.39.56:423][  0]LogConfig: Setting CVar [[s.PriorityAsyncLoadingExtraTime:15.0]]
[2019.02.04-18.39.56:423][  0]LogConfig: Setting CVar [[s.LevelStreamingActorsUpdateTimeLimit:5.0]]
[2019.02.04-18.39.56:423][  0]LogConfig: Setting CVar [[s.PriorityLevelStreamingActorsUpdateExtraTime:5.0]]
[2019.02.04-18.39.56:423][  0]LogConfig: Setting CVar [[s.LevelStreamingComponentsRegistrationGranularity:10]]
[2019.02.04-18.39.56:423][  0]LogConfig: Setting CVar [[s.UnregisterComponentsTimeLimit:1.0]]
[2019.02.04-18.39.56:423][  0]LogConfig: Setting CVar [[s.LevelStreamingComponentsUnregistrationGranularity:5]]
[2019.02.04-18.39.56:423][  0]LogConfig: Applying CVar settings from Section [/Script/Engine.GarbageCollectionSettings] File [D:/Documents 2/Spr 19/Workshop/vaultTest/Saved/Config/Windows/Engine.ini]
[2019.02.04-18.39.56:423][  0]LogConfig: Setting CVar [[gc.MaxObjectsNotConsideredByGC:1]]
[2019.02.04-18.39.56:424][  0]LogConfig: Setting CVar [[gc.SizeOfPermanentObjectPool:0]]
[2019.02.04-18.39.56:424][  0]LogConfig: Setting CVar [[gc.FlushStreamingOnGC:0]]
[2019.02.04-18.39.56:424][  0]LogConfig: Setting CVar [[gc.NumRetriesBeforeForcingGC:10]]
[2019.02.04-18.39.56:424][  0]LogConfig: Setting CVar [[gc.AllowParallelGC:1]]
[2019.02.04-18.39.56:424][  0]LogConfig: Setting CVar [[gc.TimeBetweenPurgingPendingKillObjects:61.1]]
[2019.02.04-18.39.56:424][  0]LogConfig: Setting CVar [[gc.MaxObjectsInEditor:8388607]]
[2019.02.04-18.39.56:424][  0]LogConfig: Setting CVar [[gc.IncrementalBeginDestroyEnabled:1]]
[2019.02.04-18.39.56:424][  0]LogConfig: Setting CVar [[gc.CreateGCClusters:1]]
[2019.02.04-18.39.56:424][  0]LogConfig: Setting CVar [[gc.MergeGCClusters:0]]
[2019.02.04-18.39.56:424][  0]LogConfig: Setting CVar [[gc.MinGCClusterSize:5]]
[2019.02.04-18.39.56:424][  0]LogConfig: Setting CVar [[gc.ActorClusteringEnabled:0]]
[2019.02.04-18.39.56:424][  0]LogConfig: Setting CVar [[gc.BlueprintClusteringEnabled:0]]
[2019.02.04-18.39.56:424][  0]LogConfig: Setting CVar [[gc.UseDisregardForGCOnDedicatedServers:0]]
[2019.02.04-18.39.56:424][  0]LogConfig: Applying CVar settings from Section [/Script/Engine.NetworkSettings] File [D:/Documents 2/Spr 19/Workshop/vaultTest/Saved/Config/Windows/Engine.ini]
[2019.02.04-18.39.56:424][  0]LogConfig: Applying CVar settings from Section [/Script/UnrealEd.CookerSettings] File [D:/Documents 2/Spr 19/Workshop/vaultTest/Saved/Config/Windows/Engine.ini]
[2019.02.04-18.39.56:428][  0]LogConfig: Applying CVar settings from Section [ViewDistanceQuality@3] File [D:/Documents 2/Spr 19/Workshop/vaultTest/Saved/Config/Windows/Scalability.ini]
[2019.02.04-18.39.56:428][  0]LogConfig: Setting CVar [[r.SkeletalMeshLODBias:0]]
[2019.02.04-18.39.56:428][  0]LogConfig: Setting CVar [[r.ViewDistanceScale:1.0]]
[2019.02.04-18.39.56:428][  0]LogConfig: Applying CVar settings from Section [AntiAliasingQuality@3] File [D:/Documents 2/Spr 19/Workshop/vaultTest/Saved/Config/Windows/Scalability.ini]
[2019.02.04-18.39.56:428][  0]LogConfig: Setting CVar [[r.PostProcessAAQuality:4]]
[2019.02.04-18.39.56:428][  0]LogConfig: Applying CVar settings from Section [ShadowQuality@3] File [D:/Documents 2/Spr 19/Workshop/vaultTest/Saved/Config/Windows/Scalability.ini]
[2019.02.04-18.39.56:428][  0]LogConfig: Setting CVar [[r.LightFunctionQuality:1]]
[2019.02.04-18.39.56:428][  0]LogConfig: Setting CVar [[r.ShadowQuality:5]]
[2019.02.04-18.39.56:428][  0]LogConfig: Setting CVar [[r.Shadow.CSM.MaxCascades:10]]
[2019.02.04-18.39.56:428][  0]LogConfig: Setting CVar [[r.Shadow.MaxResolution:2048]]
[2019.02.04-18.39.56:428][  0]LogConfig: Setting CVar [[r.Shadow.MaxCSMResolution:2048]]
[2019.02.04-18.39.56:428][  0]LogConfig: Setting CVar [[r.Shadow.RadiusThreshold:0.01]]
[2019.02.04-18.39.56:428][  0]LogConfig: Setting CVar [[r.Shadow.DistanceScale:1.0]]
[2019.02.04-18.39.56:429][  0]LogConfig: Setting CVar [[r.Shadow.CSM.TransitionScale:1.0]]
[2019.02.04-18.39.56:429][  0]LogConfig: Setting CVar [[r.Shadow.PreShadowResolutionFactor:1.0]]
[2019.02.04-18.39.56:429][  0]LogConfig: Setting CVar [[r.DistanceFieldShadowing:1]]
[2019.02.04-18.39.56:429][  0]LogConfig: Setting CVar [[r.DistanceFieldAO:1]]
[2019.02.04-18.39.56:429][  0]LogConfig: Setting CVar [[r.AOQuality:2]]
[2019.02.04-18.39.56:429][  0]LogConfig: Setting CVar [[r.VolumetricFog:1]]
[2019.02.04-18.39.56:429][  0]LogConfig: Setting CVar [[r.VolumetricFog.GridPixelSize:8]]
[2019.02.04-18.39.56:429][  0]LogConfig: Setting CVar [[r.VolumetricFog.GridSizeZ:128]]
[2019.02.04-18.39.56:429][  0]LogConfig: Setting CVar [[r.VolumetricFog.HistoryMissSupersampleCount:4]]
[2019.02.04-18.39.56:429][  0]LogConfig: Setting CVar [[r.LightMaxDrawDistanceScale:1]]
[2019.02.04-18.39.56:429][  0]LogConfig: Setting CVar [[r.CapsuleShadows:1]]
[2019.02.04-18.39.56:429][  0]LogConfig: Applying CVar settings from Section [PostProcessQuality@3] File [D:/Documents 2/Spr 19/Workshop/vaultTest/Saved/Config/Windows/Scalability.ini]
[2019.02.04-18.39.56:429][  0]LogConfig: Setting CVar [[r.MotionBlurQuality:4]]
[2019.02.04-18.39.56:429][  0]LogConfig: Setting CVar [[r.AmbientOcclusionMipLevelFactor:0.4]]
[2019.02.04-18.39.56:429][  0]LogConfig: Setting CVar [[r.AmbientOcclusionMaxQuality:100]]
[2019.02.04-18.39.56:429][  0]LogConfig: Setting CVar [[r.AmbientOcclusionLevels:-1]]
[2019.02.04-18.39.56:429][  0]LogConfig: Setting CVar [[r.AmbientOcclusionRadiusScale:1.0]]
[2019.02.04-18.39.56:429][  0]LogConfig: Setting CVar [[r.DepthOfFieldQuality:2]]
[2019.02.04-18.39.56:429][  0]LogConfig: Setting CVar [[r.RenderTargetPoolMin:400]]
[2019.02.04-18.39.56:429][  0]LogConfig: Setting CVar [[r.LensFlareQuality:2]]
[2019.02.04-18.39.56:429][  0]LogConfig: Setting CVar [[r.SceneColorFringeQuality:1]]
[2019.02.04-18.39.56:429][  0]LogConfig: Setting CVar [[r.EyeAdaptationQuality:2]]
[2019.02.04-18.39.56:429][  0]LogConfig: Setting CVar [[r.BloomQuality:5]]
[2019.02.04-18.39.56:429][  0]LogConfig: Setting CVar [[r.FastBlurThreshold:100]]
[2019.02.04-18.39.56:429][  0]LogConfig: Setting CVar [[r.Upscale.Quality:3]]
[2019.02.04-18.39.56:429][  0]LogConfig: Setting CVar [[r.Tonemapper.GrainQuantization:1]]
[2019.02.04-18.39.56:429][  0]LogConfig: Setting CVar [[r.LightShaftQuality:1]]
[2019.02.04-18.39.56:429][  0]LogConfig: Setting CVar [[r.Filter.SizeScale:1]]
[2019.02.04-18.39.56:429][  0]LogConfig: Setting CVar [[r.Tonemapper.Quality:5]]
[2019.02.04-18.39.56:429][  0]LogConfig: Setting CVar [[r.DOF.Gather.AccumulatorQuality:1        ; higher gathering accumulator quality]]
[2019.02.04-18.39.56:429][  0]LogConfig: Setting CVar [[r.DOF.Gather.PostfilterMethod:1          ; Median3x3 postfilering method]]
[2019.02.04-18.39.56:429][  0]LogConfig: Setting CVar [[r.DOF.Gather.EnableBokehSettings:0       ; no bokeh simulation when gathering]]
[2019.02.04-18.39.56:429][  0]LogConfig: Setting CVar [[r.DOF.Gather.RingCount:4                 ; medium number of samples when gathering]]
[2019.02.04-18.39.56:429][  0]LogConfig: Setting CVar [[r.DOF.Scatter.ForegroundCompositing:1    ; additive foreground scattering]]
[2019.02.04-18.39.56:429][  0]LogConfig: Setting CVar [[r.DOF.Scatter.BackgroundCompositing:2    ; additive background scattering]]
[2019.02.04-18.39.56:429][  0]LogConfig: Setting CVar [[r.DOF.Scatter.EnableBokehSettings:1      ; bokeh simulation when scattering]]
[2019.02.04-18.39.56:429][  0]LogConfig: Setting CVar [[r.DOF.Scatter.MaxSpriteRatio:0.1         ; only a maximum of 10% of scattered bokeh]]
[2019.02.04-18.39.56:429][  0]LogConfig: Setting CVar [[r.DOF.Recombine.Quality:1                ; cheap slight out of focus]]
[2019.02.04-18.39.56:429][  0]LogConfig: Setting CVar [[r.DOF.Recombine.EnableBokehSettings:0    ; no bokeh simulation on slight out of focus]]
[2019.02.04-18.39.56:429][  0]LogConfig: Setting CVar [[r.DOF.TemporalAAQuality:1                ; more stable temporal accumulation]]
[2019.02.04-18.39.56:429][  0]LogConfig: Setting CVar [[r.DOF.Kernel.MaxForegroundRadius:0.025]]
[2019.02.04-18.39.56:429][  0]LogConfig: Setting CVar [[r.DOF.Kernel.MaxBackgroundRadius:0.025]]
[2019.02.04-18.39.56:429][  0]LogConfig: Applying CVar settings from Section [TextureQuality@3] File [D:/Documents 2/Spr 19/Workshop/vaultTest/Saved/Config/Windows/Scalability.ini]
[2019.02.04-18.39.56:429][  0]LogConfig: Setting CVar [[r.Streaming.MipBias:0]]
[2019.02.04-18.39.56:429][  0]LogConfig: Setting CVar [[r.Streaming.AmortizeCPUToGPUCopy:0]]
[2019.02.04-18.39.56:429][  0]LogConfig: Setting CVar [[r.Streaming.MaxNumTexturesToStreamPerFrame:0]]
[2019.02.04-18.39.56:429][  0]LogConfig: Setting CVar [[r.Streaming.Boost:1]]
[2019.02.04-18.39.56:429][  0]LogConfig: Setting CVar [[r.MaxAnisotropy:8]]
[2019.02.04-18.39.56:429][  0]LogConfig: Setting CVar [[r.Streaming.LimitPoolSizeToVRAM:0]]
[2019.02.04-18.39.56:429][  0]LogConfig: Setting CVar [[r.Streaming.PoolSize:1000]]
[2019.02.04-18.39.56:429][  0]LogConfig: Setting CVar [[r.Streaming.MaxEffectiveScreenSize:0]]
[2019.02.04-18.39.56:429][  0]LogConfig: Applying CVar settings from Section [EffectsQuality@3] File [D:/Documents 2/Spr 19/Workshop/vaultTest/Saved/Config/Windows/Scalability.ini]
[2019.02.04-18.39.56:429][  0]LogConfig: Setting CVar [[r.TranslucencyLightingVolumeDim:64]]
[2019.02.04-18.39.56:429][  0]LogConfig: Setting CVar [[r.RefractionQuality:2]]
[2019.02.04-18.39.56:430][  0]LogConfig: Setting CVar [[r.SSR.Quality:3]]
[2019.02.04-18.39.56:430][  0]LogConfig: Setting CVar [[r.SceneColorFormat:4]]
[2019.02.04-18.39.56:430][  0]LogConfig: Setting CVar [[r.DetailMode:2]]
[2019.02.04-18.39.56:430][  0]LogConfig: Setting CVar [[r.TranslucencyVolumeBlur:1]]
[2019.02.04-18.39.56:430][  0]LogConfig: Setting CVar [[r.MaterialQualityLevel:1 ; High quality]]
[2019.02.04-18.39.56:430][  0]LogConfig: Setting CVar [[r.SSS.Scale:1]]
[2019.02.04-18.39.56:430][  0]LogConfig: Setting CVar [[r.SSS.SampleSet:2]]
[2019.02.04-18.39.56:430][  0]LogConfig: Setting CVar [[r.SSS.Quality:1]]
[2019.02.04-18.39.56:430][  0]LogConfig: Setting CVar [[r.SSS.HalfRes:1]]
[2019.02.04-18.39.56:430][  0]LogConfig: Setting CVar [[r.EmitterSpawnRateScale:1.0]]
[2019.02.04-18.39.56:430][  0]LogConfig: Setting CVar [[r.ParticleLightQuality:2]]
[2019.02.04-18.39.56:430][  0]LogConfig: Applying CVar settings from Section [FoliageQuality@3] File [D:/Documents 2/Spr 19/Workshop/vaultTest/Saved/Config/Windows/Scalability.ini]
[2019.02.04-18.39.56:430][  0]LogConfig: Setting CVar [[foliage.DensityScale:1.0]]
[2019.02.04-18.39.56:430][  0]LogConfig: Setting CVar [[grass.DensityScale:1.0]]
[2019.02.04-18.39.56:430][  0]LogInit: Selected Device Profile: [Windows]
[2019.02.04-18.39.56:430][  0]LogInit: Applying CVar settings loaded from the selected device profile: [Windows]
[2019.02.04-18.39.56:522][  0]LogHAL: Display: Platform has ~ 16 GB [17055907840 / 17179869184 / 16], which maps to Larger [LargestMinGB=32, LargerMinGB=12, DefaultMinGB=8, SmallerMinGB=6, SmallestMinGB=0)
[2019.02.04-18.39.56:522][  0]LogConfig: Setting CVar [[r.Vulkan.UseRealUBs:1]]
[2019.02.04-18.39.56:522][  0]LogInit: Going up to parent DeviceProfile []
[2019.02.04-18.39.56:522][  0]LogConfig: Applying CVar settings from Section [ViewDistanceQuality@3] File [D:/Documents 2/Spr 19/Workshop/vaultTest/Saved/Config/Windows/Scalability.ini]
[2019.02.04-18.39.56:522][  0]LogConfig: Setting CVar [[r.SkeletalMeshLODBias:0]]
[2019.02.04-18.39.56:522][  0]LogConfig: Setting CVar [[r.ViewDistanceScale:1.0]]
[2019.02.04-18.39.56:522][  0]LogConfig: Applying CVar settings from Section [AntiAliasingQuality@3] File [D:/Documents 2/Spr 19/Workshop/vaultTest/Saved/Config/Windows/Scalability.ini]
[2019.02.04-18.39.56:522][  0]LogConfig: Setting CVar [[r.PostProcessAAQuality:4]]
[2019.02.04-18.39.56:522][  0]LogConfig: Applying CVar settings from Section [ShadowQuality@3] File [D:/Documents 2/Spr 19/Workshop/vaultTest/Saved/Config/Windows/Scalability.ini]
[2019.02.04-18.39.56:523][  0]LogConfig: Setting CVar [[r.LightFunctionQuality:1]]
[2019.02.04-18.39.56:523][  0]LogConfig: Setting CVar [[r.ShadowQuality:5]]
[2019.02.04-18.39.56:523][  0]LogConfig: Setting CVar [[r.Shadow.CSM.MaxCascades:10]]
[2019.02.04-18.39.56:523][  0]LogConfig: Setting CVar [[r.Shadow.MaxResolution:2048]]
[2019.02.04-18.39.56:523][  0]LogConfig: Setting CVar [[r.Shadow.MaxCSMResolution:2048]]
[2019.02.04-18.39.56:523][  0]LogConfig: Setting CVar [[r.Shadow.RadiusThreshold:0.01]]
[2019.02.04-18.39.56:523][  0]LogConfig: Setting CVar [[r.Shadow.DistanceScale:1.0]]
[2019.02.04-18.39.56:523][  0]LogConfig: Setting CVar [[r.Shadow.CSM.TransitionScale:1.0]]
[2019.02.04-18.39.56:523][  0]LogConfig: Setting CVar [[r.Shadow.PreShadowResolutionFactor:1.0]]
[2019.02.04-18.39.56:523][  0]LogConfig: Setting CVar [[r.DistanceFieldShadowing:1]]
[2019.02.04-18.39.56:523][  0]LogConfig: Setting CVar [[r.DistanceFieldAO:1]]
[2019.02.04-18.39.56:523][  0]LogConfig: Setting CVar [[r.AOQuality:2]]
[2019.02.04-18.39.56:523][  0]LogConfig: Setting CVar [[r.VolumetricFog:1]]
[2019.02.04-18.39.56:523][  0]LogConfig: Setting CVar [[r.VolumetricFog.GridPixelSize:8]]
[2019.02.04-18.39.56:523][  0]LogConfig: Setting CVar [[r.VolumetricFog.GridSizeZ:128]]
[2019.02.04-18.39.56:523][  0]LogConfig: Setting CVar [[r.VolumetricFog.HistoryMissSupersampleCount:4]]
[2019.02.04-18.39.56:523][  0]LogConfig: Setting CVar [[r.LightMaxDrawDistanceScale:1]]
[2019.02.04-18.39.56:523][  0]LogConfig: Setting CVar [[r.CapsuleShadows:1]]
[2019.02.04-18.39.56:523][  0]LogConfig: Applying CVar settings from Section [PostProcessQuality@3] File [D:/Documents 2/Spr 19/Workshop/vaultTest/Saved/Config/Windows/Scalability.ini]
[2019.02.04-18.39.56:523][  0]LogConfig: Setting CVar [[r.MotionBlurQuality:4]]
[2019.02.04-18.39.56:523][  0]LogConfig: Setting CVar [[r.AmbientOcclusionMipLevelFactor:0.4]]
[2019.02.04-18.39.56:523][  0]LogConfig: Setting CVar [[r.AmbientOcclusionMaxQuality:100]]
[2019.02.04-18.39.56:523][  0]LogConfig: Setting CVar [[r.AmbientOcclusionLevels:-1]]
[2019.02.04-18.39.56:523][  0]LogConfig: Setting CVar [[r.AmbientOcclusionRadiusScale:1.0]]
[2019.02.04-18.39.56:523][  0]LogConfig: Setting CVar [[r.DepthOfFieldQuality:2]]
[2019.02.04-18.39.56:523][  0]LogConfig: Setting CVar [[r.RenderTargetPoolMin:400]]
[2019.02.04-18.39.56:523][  0]LogConfig: Setting CVar [[r.LensFlareQuality:2]]
[2019.02.04-18.39.56:523][  0]LogConfig: Setting CVar [[r.SceneColorFringeQuality:1]]
[2019.02.04-18.39.56:523][  0]LogConfig: Setting CVar [[r.EyeAdaptationQuality:2]]
[2019.02.04-18.39.56:524][  0]LogConfig: Setting CVar [[r.BloomQuality:5]]
[2019.02.04-18.39.56:524][  0]LogConfig: Setting CVar [[r.FastBlurThreshold:100]]
[2019.02.04-18.39.56:524][  0]LogConfig: Setting CVar [[r.Upscale.Quality:3]]
[2019.02.04-18.39.56:524][  0]LogConfig: Setting CVar [[r.Tonemapper.GrainQuantization:1]]
[2019.02.04-18.39.56:524][  0]LogConfig: Setting CVar [[r.LightShaftQuality:1]]
[2019.02.04-18.39.56:524][  0]LogConfig: Setting CVar [[r.Filter.SizeScale:1]]
[2019.02.04-18.39.56:524][  0]LogConfig: Setting CVar [[r.Tonemapper.Quality:5]]
[2019.02.04-18.39.56:524][  0]LogConfig: Setting CVar [[r.DOF.Gather.AccumulatorQuality:1        ; higher gathering accumulator quality]]
[2019.02.04-18.39.56:524][  0]LogConfig: Setting CVar [[r.DOF.Gather.PostfilterMethod:1          ; Median3x3 postfilering method]]
[2019.02.04-18.39.56:524][  0]LogConfig: Setting CVar [[r.DOF.Gather.EnableBokehSettings:0       ; no bokeh simulation when gathering]]
[2019.02.04-18.39.56:524][  0]LogConfig: Setting CVar [[r.DOF.Gather.RingCount:4                 ; medium number of samples when gathering]]
[2019.02.04-18.39.56:524][  0]LogConfig: Setting CVar [[r.DOF.Scatter.ForegroundCompositing:1    ; additive foreground scattering]]
[2019.02.04-18.39.56:524][  0]LogConfig: Setting CVar [[r.DOF.Scatter.BackgroundCompositing:2    ; additive background scattering]]
[2019.02.04-18.39.56:524][  0]LogConfig: Setting CVar [[r.DOF.Scatter.EnableBokehSettings:1      ; bokeh simulation when scattering]]
[2019.02.04-18.39.56:524][  0]LogConfig: Setting CVar [[r.DOF.Scatter.MaxSpriteRatio:0.1         ; only a maximum of 10% of scattered bokeh]]
[2019.02.04-18.39.56:524][  0]LogConfig: Setting CVar [[r.DOF.Recombine.Quality:1                ; cheap slight out of focus]]
[2019.02.04-18.39.56:524][  0]LogConfig: Setting CVar [[r.DOF.Recombine.EnableBokehSettings:0    ; no bokeh simulation on slight out of focus]]
[2019.02.04-18.39.56:524][  0]LogConfig: Setting CVar [[r.DOF.TemporalAAQuality:1                ; more stable temporal accumulation]]
[2019.02.04-18.39.56:524][  0]LogConfig: Setting CVar [[r.DOF.Kernel.MaxForegroundRadius:0.025]]
[2019.02.04-18.39.56:524][  0]LogConfig: Setting CVar [[r.DOF.Kernel.MaxBackgroundRadius:0.025]]
[2019.02.04-18.39.56:524][  0]LogConfig: Applying CVar settings from Section [TextureQuality@3] File [D:/Documents 2/Spr 19/Workshop/vaultTest/Saved/Config/Windows/Scalability.ini]
[2019.02.04-18.39.56:524][  0]LogConfig: Setting CVar [[r.Streaming.MipBias:0]]
[2019.02.04-18.39.56:524][  0]LogConfig: Setting CVar [[r.Streaming.AmortizeCPUToGPUCopy:0]]
[2019.02.04-18.39.56:524][  0]LogConfig: Setting CVar [[r.Streaming.MaxNumTexturesToStreamPerFrame:0]]
[2019.02.04-18.39.56:524][  0]LogConfig: Setting CVar [[r.Streaming.Boost:1]]
[2019.02.04-18.39.56:524][  0]LogConfig: Setting CVar [[r.MaxAnisotropy:8]]
[2019.02.04-18.39.56:524][  0]LogConfig: Setting CVar [[r.Streaming.LimitPoolSizeToVRAM:0]]
[2019.02.04-18.39.56:525][  0]LogConfig: Setting CVar [[r.Streaming.PoolSize:1000]]
[2019.02.04-18.39.56:525][  0]LogConfig: Setting CVar [[r.Streaming.MaxEffectiveScreenSize:0]]
[2019.02.04-18.39.56:525][  0]LogConfig: Applying CVar settings from Section [EffectsQuality@3] File [D:/Documents 2/Spr 19/Workshop/vaultTest/Saved/Config/Windows/Scalability.ini]
[2019.02.04-18.39.56:525][  0]LogConfig: Setting CVar [[r.TranslucencyLightingVolumeDim:64]]
[2019.02.04-18.39.56:525][  0]LogConfig: Setting CVar [[r.RefractionQuality:2]]
[2019.02.04-18.39.56:525][  0]LogConfig: Setting CVar [[r.SSR.Quality:3]]
[2019.02.04-18.39.56:525][  0]LogConfig: Setting CVar [[r.SceneColorFormat:4]]
[2019.02.04-18.39.56:525][  0]LogConfig: Setting CVar [[r.DetailMode:2]]
[2019.02.04-18.39.56:525][  0]LogConfig: Setting CVar [[r.TranslucencyVolumeBlur:1]]
[2019.02.04-18.39.56:525][  0]LogConfig: Setting CVar [[r.MaterialQualityLevel:1 ; High quality]]
[2019.02.04-18.39.56:525][  0]LogConfig: Setting CVar [[r.SSS.Scale:1]]
[2019.02.04-18.39.56:525][  0]LogConfig: Setting CVar [[r.SSS.SampleSet:2]]
[2019.02.04-18.39.56:525][  0]LogConfig: Setting CVar [[r.SSS.Quality:1]]
[2019.02.04-18.39.56:525][  0]LogConfig: Setting CVar [[r.SSS.HalfRes:1]]
[2019.02.04-18.39.56:525][  0]LogConfig: Setting CVar [[r.EmitterSpawnRateScale:1.0]]
[2019.02.04-18.39.56:525][  0]LogConfig: Setting CVar [[r.ParticleLightQuality:2]]
[2019.02.04-18.39.56:525][  0]LogConfig: Applying CVar settings from Section [FoliageQuality@3] File [D:/Documents 2/Spr 19/Workshop/vaultTest/Saved/Config/Windows/Scalability.ini]
[2019.02.04-18.39.56:525][  0]LogConfig: Setting CVar [[foliage.DensityScale:1.0]]
[2019.02.04-18.39.56:525][  0]LogConfig: Setting CVar [[grass.DensityScale:1.0]]
[2019.02.04-18.39.56:525][  0]LogConfig: Applying CVar settings from Section [Startup] File [../../../Engine/Config/ConsoleVariables.ini]
[2019.02.04-18.39.56:526][  0]LogConfig: Setting CVar [[net.UseAdaptiveNetUpdateFrequency:0]]
[2019.02.04-18.39.56:526][  0]LogConfig: Applying CVar settings from Section [ConsoleVariables] File [D:/Documents 2/Spr 19/Workshop/vaultTest/Saved/Config/Windows/Engine.ini]
[2019.02.04-18.39.56:526][  0]LogInit: Computer: LAPTOP-1MHJT2PQ
[2019.02.04-18.39.56:526][  0]LogInit: User: Donut
[2019.02.04-18.39.56:526][  0]LogInit: CPU Page size=4096, Cores=4
[2019.02.04-18.39.56:526][  0]LogInit: High frequency timer resolution =2.531250 MHz
[2019.02.04-18.39.56:526][  0]LogMemory: Memory total: Physical=15.9GB (16GB approx)
[2019.02.04-18.39.56:526][  0]LogMemory: Platform Memory Stats for Windows
[2019.02.04-18.39.56:526][  0]LogMemory: Process Physical Memory: 101.98 MB used, 101.98 MB peak
[2019.02.04-18.39.56:526][  0]LogMemory: Process Virtual Memory: 91.49 MB used, 91.49 MB peak
[2019.02.04-18.39.56:526][  0]LogMemory: Physical Memory: 8412.82 MB used,  7852.96 MB free, 16265.78 MB total
[2019.02.04-18.39.56:526][  0]LogMemory: Virtual Memory: 4652.69 MB used,  134213072.00 MB free, 134217728.00 MB total
[2019.02.04-18.39.57:282][  0]LogInit: Using OS detected language (en-US).
[2019.02.04-18.39.57:282][  0]LogInit: Using OS detected locale (en-US).
[2019.02.04-18.39.57:338][  0]LogTextLocalizationManager: No specific localization for 'en-US' exists, so the 'en' localization will be used.
[2019.02.04-18.39.58:800][  0]LogStreaming: Display: Took  1.519s to InitEngineTextLocalization.
[2019.02.04-18.39.58:800][  0]LogInit: Setting process to per monitor DPI aware
[2019.02.04-18.39.59:258][  0]LogSlate: New Slate User Created.  User Index 0, Is Virtual User: 0
[2019.02.04-18.39.59:258][  0]LogSlate: Slate User Registered.  User Index 0, Is Virtual User: 0
[2019.02.04-18.40.02:405][  0]LogHMD: Failed to initialize OpenVR with code 110
[2019.02.04-18.40.02:405][  0]LogD3D11RHI: D3D11 adapters:
[2019.02.04-18.40.02:523][  0]LogD3D11RHI:    0. 'NVIDIA GeForce GTX 980M' (Feature Level 11_0)
[2019.02.04-18.40.02:523][  0]LogD3D11RHI:       4053/0/8132 MB DedicatedVideo/DedicatedSystem/SharedSystem, Outputs:1, VendorId:0x10de
[2019.02.04-18.40.02:533][  0]LogD3D11RHI:    1. 'Intel(R) HD Graphics 530' (Feature Level 11_0)
[2019.02.04-18.40.02:533][  0]LogD3D11RHI:       128/0/8132 MB DedicatedVideo/DedicatedSystem/SharedSystem, Outputs:0, VendorId:0x8086
[2019.02.04-18.40.02:536][  0]LogD3D11RHI:    2. 'Microsoft Basic Render Driver' (Feature Level 11_0)
[2019.02.04-18.40.02:536][  0]LogD3D11RHI:       0/0/8132 MB DedicatedVideo/DedicatedSystem/SharedSystem, Outputs:0, VendorId:0x1414
[2019.02.04-18.40.02:536][  0]LogD3D11RHI: Chosen D3D11 Adapter: 0
[2019.02.04-18.40.02:586][  0]LogD3D11RHI: Creating new Direct3DDevice
[2019.02.04-18.40.02:586][  0]LogD3D11RHI:     GPU DeviceId: 0x13d7 (for the marketing name, search the web for "GPU Device Id")
[2019.02.04-18.40.02:586][  0]LogWindows: EnumDisplayDevices:
[2019.02.04-18.40.02:586][  0]LogWindows:    0. 'Intel(R) HD Graphics 530' (P:1 D:1)
[2019.02.04-18.40.02:586][  0]LogWindows:    1. 'Intel(R) HD Graphics 530' (P:0 D:0)
[2019.02.04-18.40.02:587][  0]LogWindows:    2. 'Intel(R) HD Graphics 530' (P:0 D:0)
[2019.02.04-18.40.02:587][  0]LogWindows:    3. 'NVIDIA GeForce GTX 980M' (P:0 D:0)
[2019.02.04-18.40.02:587][  0]LogWindows:    4. 'NVIDIA GeForce GTX 980M' (P:0 D:0)
[2019.02.04-18.40.02:588][  0]LogWindows:    5. 'NVIDIA GeForce GTX 980M' (P:0 D:0)
[2019.02.04-18.40.02:588][  0]LogWindows:    6. 'NVIDIA GeForce GTX 980M' (P:0 D:0)
[2019.02.04-18.40.02:588][  0]LogWindows: DebugString: PrimaryIsNotTheChoosenAdapter PrimaryIsNotTheChoosenAdapter PrimaryIsNotTheChoosenAdapter FoundDriverCount:4 
[2019.02.04-18.40.02:588][  0]LogD3D11RHI:     Adapter Name: NVIDIA GeForce GTX 980M
[2019.02.04-18.40.02:588][  0]LogD3D11RHI:   Driver Version: 417.35 (internal:25.21.14.1735, unified:417.35)
[2019.02.04-18.40.02:589][  0]LogD3D11RHI:      Driver Date: 12-11-2018
[2019.02.04-18.40.02:589][  0]LogRHI: Texture pool is 2837 MB (70% of 4053 MB)
[2019.02.04-18.40.02:660][  0]LogD3D11RHI: Async texture creation enabled
[2019.02.04-18.40.02:707][  0]LogD3D11RHI: GPU Timing Frequency: 1000.000000 (Debug: 2 2)
[2019.02.04-18.40.03:840][  0]LogTemp: Display: Loaded TP AllDesktopTargetPlatform
[2019.02.04-18.40.03:858][  0]LogTemp: Display: Loaded TP MacClientTargetPlatform
[2019.02.04-18.40.03:876][  0]LogTemp: Display: Loaded TP MacNoEditorTargetPlatform
[2019.02.04-18.40.03:890][  0]LogTemp: Display: Loaded TP MacServerTargetPlatform
[2019.02.04-18.40.03:903][  0]LogTemp: Display: Loaded TP MacTargetPlatform
[2019.02.04-18.40.03:917][  0]LogTemp: Display: Loaded TP WindowsClientTargetPlatform
[2019.02.04-18.40.03:933][  0]LogTemp: Display: Loaded TP WindowsNoEditorTargetPlatform
[2019.02.04-18.40.03:952][  0]LogTemp: Display: Loaded TP WindowsServerTargetPlatform
[2019.02.04-18.40.03:960][  0]LogTemp: Display: Loaded TP WindowsTargetPlatform
[2019.02.04-18.40.04:051][  0]LogTemp: Display: Loaded TP AndroidTargetPlatform
[2019.02.04-18.40.04:051][  0]LogTemp: Display: Loaded TP AndroidTargetPlatform
[2019.02.04-18.40.04:051][  0]LogTemp: Display: Loaded TP AndroidTargetPlatform
[2019.02.04-18.40.04:051][  0]LogTemp: Display: Loaded TP AndroidTargetPlatform
[2019.02.04-18.40.04:051][  0]LogTemp: Display: Loaded TP AndroidTargetPlatform
[2019.02.04-18.40.04:051][  0]LogTemp: Display: Loaded TP AndroidTargetPlatform
[2019.02.04-18.40.04:051][  0]LogTemp: Display: Loaded TP AndroidTargetPlatform
[2019.02.04-18.40.04:051][  0]LogTemp: Display: Loaded TP AndroidTargetPlatform
[2019.02.04-18.40.04:051][  0]LogTemp: Display: Loaded TP AndroidTargetPlatform
[2019.02.04-18.40.04:051][  0]LogTemp: Display: Loaded TP AndroidTargetPlatform
[2019.02.04-18.40.04:051][  0]LogTemp: Display: Loaded TP AndroidTargetPlatform
[2019.02.04-18.40.04:051][  0]LogTemp: Display: Loaded TP AndroidTargetPlatform
[2019.02.04-18.40.04:051][  0]LogTemp: Display: Loaded TP AndroidTargetPlatform
[2019.02.04-18.40.04:051][  0]LogTemp: Display: Loaded TP AndroidTargetPlatform
[2019.02.04-18.40.04:051][  0]LogTemp: Display: Loaded TP AndroidTargetPlatform
[2019.02.04-18.40.04:051][  0]LogTemp: Display: Loaded TP AndroidTargetPlatform
[2019.02.04-18.40.04:051][  0]LogTemp: Display: Loaded TP AndroidTargetPlatform
[2019.02.04-18.40.04:051][  0]LogTemp: Display: Loaded TP AndroidTargetPlatform
[2019.02.04-18.40.04:053][  0]LogTemp: Display: Loaded TP HTML5TargetPlatform
[2019.02.04-18.40.04:116][  0]LogTemp: Display: Loaded TP IOSTargetPlatform
[2019.02.04-18.40.04:116][  0]LogTemp: Display: Loaded TP IOSTargetPlatform
[2019.02.04-18.40.04:141][  0]LogTemp: Display: Loaded TP TVOSTargetPlatform
[2019.02.04-18.40.04:141][  0]LogTemp: Display: Loaded TP TVOSTargetPlatform
[2019.02.04-18.40.04:178][  0]LogTemp: Display: Loaded TP LinuxClientTargetPlatform
[2019.02.04-18.40.04:214][  0]LogTemp: Display: Loaded TP LinuxNoEditorTargetPlatform
[2019.02.04-18.40.04:245][  0]LogTemp: Display: Loaded TP LinuxServerTargetPlatform
[2019.02.04-18.40.04:307][  0]LogTemp: Display: Loaded TP LinuxTargetPlatform
[2019.02.04-18.40.04:397][  0]LogTemp: Display: Loaded TP LuminTargetPlatform
[2019.02.04-18.40.04:397][  0]LogTemp: Display: Loaded TP LuminTargetPlatform
[2019.02.04-18.40.04:397][  0]LogTargetPlatformManager: Display: Building Assets For Windows
[2019.02.04-18.40.05:300][  0]LogShaderCompilers: Guid format shader working directory is -7 characters bigger than the processId version (../../../../../Documents 2/Spr 19/Workshop/vaultTest/Intermediate/Shaders/WorkingDirectory/13728/).
[2019.02.04-18.40.05:300][  0]LogShaderCompilers: Cleaned the shader compiler working directory 'C:/Users/Donut/AppData/Local/Temp/UnrealShaderWorkingDir/6FA172C64BE8FD193A5137A570C59096/'.
[2019.02.04-18.40.05:302][  0]LogXGEController: Cannot use XGE Controller as Incredibuild is not installed on this machine.
[2019.02.04-18.40.05:302][  0]LogShaderCompilers: Cannot use XGE Shader Compiler as Incredibuild is not installed on this machine.
[2019.02.04-18.40.05:302][  0]LogShaderCompilers: Display: Using Local Shader Compiler.
[2019.02.04-18.40.07:977][  0]LogDerivedDataCache: Display: Max Cache Size: 512 MB
[2019.02.04-18.40.08:464][  0]LogDerivedDataCache: Loaded boot cache 0.49s 71MB C:/Users/Donut/AppData/Local/UnrealEngine/4.21/DerivedDataCache/Boot.ddc.
[2019.02.04-18.40.08:464][  0]LogDerivedDataCache: Display: Loaded Boot cache: C:/Users/Donut/AppData/Local/UnrealEngine/4.21/DerivedDataCache/Boot.ddc
[2019.02.04-18.40.08:464][  0]LogDerivedDataCache: FDerivedDataBackendGraph:  Pak pak cache file ../../../../../Documents 2/Spr 19/Workshop/vaultTest/DerivedDataCache/DDC.ddp not found, will not use a pak cache.
[2019.02.04-18.40.08:464][  0]LogDerivedDataCache: Unable to find inner node Pak for hierarchical cache Hierarchy.
[2019.02.04-18.40.08:464][  0]LogDerivedDataCache: FDerivedDataBackendGraph:  CompressedPak pak cache file ../../../../../Documents 2/Spr 19/Workshop/vaultTest/DerivedDataCache/Compressed.ddp not found, will not use a pak cache.
[2019.02.04-18.40.08:464][  0]LogDerivedDataCache: Unable to find inner node CompressedPak for hierarchical cache Hierarchy.
[2019.02.04-18.40.08:558][  0]LogDerivedDataCache: Display: Pak cache opened for reading ../../../Engine/DerivedDataCache/Compressed.ddp.
[2019.02.04-18.40.08:558][  0]LogDerivedDataCache: FDerivedDataBackendGraph:  EnterprisePak pak cache file ../../../Enterprise/DerivedDataCache/Compressed.ddp not found, will not use a pak cache.
[2019.02.04-18.40.08:558][  0]LogDerivedDataCache: Unable to find inner node EnterprisePak for hierarchical cache Hierarchy.
[2019.02.04-18.40.08:570][  0]LogDerivedDataCache: Using Local data cache path C:/Users/Donut/AppData/Local/UnrealEngine/Common/DerivedDataCache: Writable
[2019.02.04-18.40.08:570][  0]LogDerivedDataCache: Shared data cache path not found in *engine.ini, will not use an Shared cache.
[2019.02.04-18.40.08:570][  0]LogDerivedDataCache: Unable to find inner node Shared for hierarchical cache Hierarchy.
[2019.02.04-18.40.08:599][  0]LogMaterial: Verifying Global Shaders for PCD3D_SM5
[2019.02.04-18.40.08:601][  0]LogSlate: Using FreeType 2.6.0
[2019.02.04-18.40.08:698][  0]LogSlate: SlateFontServices - WITH_FREETYPE: 1, WITH_HARFBUZZ: 1
[2019.02.04-18.40.11:215][  0]LogAssetRegistry: FAssetRegistry took 0.0387 seconds to start up
[2019.02.04-18.40.11:830][  0]LogInit: Selected Device Profile: [Windows]
[2019.02.04-18.40.13:789][  0]LogSimplygon: Simplygon DLL not present - disabling.
[2019.02.04-18.40.13:970][  0]LogMeshReduction: Using SimplygonSwarm for distributed automatic mesh merging
[2019.02.04-18.40.13:970][  0]LogMeshReduction: Using ProxyLODMeshReduction for automatic mesh merging
[2019.02.04-18.40.14:004][  0]LogMeshReduction: Using QuadricMeshReduction for automatic static mesh reduction
[2019.02.04-18.40.14:004][  0]LogMeshReduction: No automatic skeletal mesh reduction module available
[2019.02.04-18.40.14:294][  0]LogNetVersion: Parkour_Solution_17 1.0.0, NetCL: 4541578, EngineNetVer: 5, GameNetVer: 0 (Checksum: 1657190656)
[2019.02.04-18.40.18:227][  0]LogPackageLocalizationCache: Processed 11 localized package path(s) for 2 prioritized culture(s) in 0.222131 seconds
[2019.02.04-18.40.18:236][  0]LogUObjectArray: 39775 objects as part of root set at end of initial load.
[2019.02.04-18.40.18:237][  0]LogUObjectAllocator: 6914664 out of 0 bytes used by permanent object pool.
[2019.02.04-18.40.18:237][  0]LogUObjectArray: CloseDisregardForGC: 0/0 objects in disregard for GC pool
[2019.02.04-18.40.48:881][  0]LogTcpMessaging: Initializing TcpMessaging bridge
[2019.02.04-18.40.48:985][  0]LogUdpMessaging: Initializing bridge on interface 0.0.0.0:0 to multicast group 230.0.0.1:6666.
[2019.02.04-18.40.52:273][  0]SourceControl: Source control is disabled
[2019.02.04-18.40.52:273][  0]SourceControl: Source control is disabled
[2019.02.04-18.40.52:407][  0]SourceControl: Source control is disabled
[2019.02.04-18.40.52:485][  0]SourceControl: Source control is disabled
[2019.02.04-18.40.55:517][  0]LogAndroidPermission: UAndroidPermissionCallbackProxy::GetInstance
[2019.02.04-18.40.56:136][  0]LogOcInput: OculusInput pre-init called
[2019.02.04-18.40.56:940][  0]LogEngine: Initializing Engine...
[2019.02.04-18.40.56:944][  0]LogHMD: Failed to initialize OpenVR with code 110
[2019.02.04-18.40.56:950][  0]LogStats: UGameplayTagsManager::ConstructGameplayTagTree: ImportINI prefixes -  0.000 s
[2019.02.04-18.40.56:950][  0]LogStats: UGameplayTagsManager::ConstructGameplayTagTree: Construct from data asset -  0.000 s
[2019.02.04-18.40.56:950][  0]LogStats: UGameplayTagsManager::ConstructGameplayTagTree: ImportINI -  0.000 s
[2019.02.04-18.40.56:951][  0]LogStats: UGameplayTagsManager::ConstructGameplayTagTree: GameplayTagTreeChangedEvent.Broadcast -  0.000 s
[2019.02.04-18.40.58:907][  0]LogInit: Initializing FReadOnlyCVARCache
[2019.02.04-18.40.58:997][  0]LogAIModule: Creating AISystem for world Untitled
[2019.02.04-18.40.59:080][  0]LogInit: XAudio2 using 'Speakers (Realtek High Definition Audio)' : 2 channels at 48 kHz using 32 bits per sample (channel mask 0x3)
[2019.02.04-18.40.59:153][  0]LogInit: FAudioDevice initialized.
[2019.02.04-18.40.59:153][  0]LogNetVersion: Set ProjectVersion to 1.0.0.0. Version Checksum will be recalculated on next use.
[2019.02.04-18.40.59:166][  0]LogDerivedDataCache: Error: Could not save memory cache C:/Users/Donut/AppData/Local/UnrealEngine/4.21/DerivedDataCache/Boot.ddc.
[2019.02.04-18.40.59:175][  0]LogInit: Texture streaming: Enabled
[2019.02.04-18.40.59:398][  0]LogEngineSessionManager: EngineSessionManager initialized
[2019.02.04-18.40.59:450][  0]LogInit: Transaction tracking system initialized
[2019.02.04-18.40.59:687][  0]BlueprintLog: New page: Editor Load
[2019.02.04-18.41.01:502][  0]LocalizationService: Localization service is disabled
[2019.02.04-18.41.06:669][  0]LogFileCache: Scanning file cache for directory 'D:/Documents 2/Spr 19/Workshop/vaultTest/Content/' took 0.03s
[2019.02.04-18.41.06:669][  0]LogCook: Display: Max memory allowance for cook 16384mb min free memory 0mb
[2019.02.04-18.41.06:670][  0]LogCook: Display: Mobile HDR setting 1
[2019.02.04-18.41.06:670][  0]LogGameplayTags: Display: UGameplayTagsManager::DoneAddingNativeTags. DelegateIsBound: 0
[2019.02.04-18.41.06:670][  0]LogStats: UGameplayTagsManager::ConstructGameplayTagTree: ImportINI prefixes -  0.000 s
[2019.02.04-18.41.06:670][  0]LogStats: UGameplayTagsManager::ConstructGameplayTagTree: Construct from data asset -  0.000 s
[2019.02.04-18.41.06:670][  0]LogStats: UGameplayTagsManager::ConstructGameplayTagTree: ImportINI -  0.000 s
[2019.02.04-18.41.06:670][  0]LogStats: UGameplayTagsManager::ConstructGameplayTagTree: GameplayTagTreeChangedEvent.Broadcast -  0.000 s
[2019.02.04-18.41.11:728][  0]SourceControl: Source control is disabled
[2019.02.04-18.41.11:729][  0]Cmd: MAP LOAD FILE="../../../../../Documents 2/Spr 19/Workshop/vaultTest/Content/ThirdPersonBP/Maps/ThirdPersonExampleMap.umap" TEMPLATE=0 SHOWPROGRESS=1 FEATURELEVEL=3
[2019.02.04-18.41.11:869][  0]LightingResults: New page: Lighting Build
[2019.02.04-18.41.11:876][  0]MapCheck: New page: Map Check
[2019.02.04-18.41.11:876][  0]LightingResults: New page: Lighting Build
[2019.02.04-18.41.14:394][  0]LogAIModule: Creating AISystem for world ThirdPersonExampleMap
[2019.02.04-18.41.14:408][  0]LogEditorServer: Finished looking for orphan Actors (0.000 secs)
[2019.02.04-18.41.14:440][  0]Cmd: MAP CHECKDEP NOCLEARLOG
[2019.02.04-18.41.14:440][  0]MapCheck: Map check complete: 0 Error(s), 0 Warning(s), took 0.149ms to complete.
[2019.02.04-18.41.14:440][  0]LogFileHelpers: Loading map 'ThirdPersonExampleMap' took 2.711
[2019.02.04-18.41.14:809][  0]LogSlate: Updating window title bar state: overlay mode, drag disabled, window buttons hidden, title bar hidden
[2019.02.04-18.41.14:818][  0]LogSlate: Updating window title bar state: overlay mode, drag disabled, window buttons hidden, title bar hidden
[2019.02.04-18.41.14:826][  0]LogSlate: Updating window title bar state: overlay mode, drag disabled, window buttons hidden, title bar hidden
[2019.02.04-18.41.14:834][  0]LogSlate: Updating window title bar state: overlay mode, drag disabled, window buttons hidden, title bar hidden
[2019.02.04-18.41.14:901][  0]LogCollectionManager: Loaded 0 collections in 0.015310 seconds
[2019.02.04-18.41.14:923][  0]LogFileCache: Scanning file cache for directory 'D:/Documents 2/Spr 19/Workshop/vaultTest/Saved/Collections/' took 0.01s
[2019.02.04-18.41.14:924][  0]LogFileCache: Scanning file cache for directory 'D:/Documents 2/Spr 19/Workshop/vaultTest/Content/Developers/Donut/Collections/' took 0.00s
[2019.02.04-18.41.14:924][  0]LogFileCache: Scanning file cache for directory 'D:/Documents 2/Spr 19/Workshop/vaultTest/Content/Collections/' took 0.00s
[2019.02.04-18.41.14:924][  0]LogCollectionManager: Rebuilt the GUID cache for 0 collections in 0.000000 seconds
[2019.02.04-18.41.14:944][  0]LogContentBrowser: Native class hierarchy populated in 0.0196 seconds. Added 2651 classes and 620 folders.
[2019.02.04-18.41.14:952][  0]LogContentBrowser: Native class hierarchy updated for 'WidgetCarousel' in 0.0005 seconds. Added 0 classes and 0 folders.
[2019.02.04-18.41.15:061][  0]LogPakFile: Registered encryption key '00000000000000000000000000000000': 0 pak files mounted, 0 remain pending
[2019.02.04-18.41.15:116][  0]LogPakFile: Registered encryption key '00000000000000000000000000000000': 0 pak files mounted, 0 remain pending
[2019.02.04-18.41.15:200][  0]LogPakFile: Registered encryption key '00000000000000000000000000000000': 0 pak files mounted, 0 remain pending
[2019.02.04-18.41.15:216][  0]LogPakFile: Registered encryption key '00000000000000000000000000000000': 0 pak files mounted, 0 remain pending
[2019.02.04-18.41.15:244][  0]LogPakFile: Registered encryption key '00000000000000000000000000000000': 0 pak files mounted, 0 remain pending
[2019.02.04-18.41.15:260][  0]LogPakFile: Registered encryption key '00000000000000000000000000000000': 0 pak files mounted, 0 remain pending
[2019.02.04-18.41.15:282][  0]LogPakFile: Registered encryption key '00000000000000000000000000000000': 0 pak files mounted, 0 remain pending
[2019.02.04-18.41.15:311][  0]LogPakFile: Registered encryption key '00000000000000000000000000000000': 0 pak files mounted, 0 remain pending
[2019.02.04-18.41.15:329][  0]LogPakFile: Registered encryption key '00000000000000000000000000000000': 0 pak files mounted, 0 remain pending
[2019.02.04-18.41.15:348][  0]LogPakFile: Registered encryption key '00000000000000000000000000000000': 0 pak files mounted, 0 remain pending
[2019.02.04-18.41.15:363][  0]LogPakFile: Registered encryption key '00000000000000000000000000000000': 0 pak files mounted, 0 remain pending
[2019.02.04-18.41.15:384][  0]LogPakFile: Registered encryption key '00000000000000000000000000000000': 0 pak files mounted, 0 remain pending
[2019.02.04-18.41.15:400][  0]LogPakFile: Registered encryption key '00000000000000000000000000000000': 0 pak files mounted, 0 remain pending
[2019.02.04-18.41.15:456][  0]LogPakFile: Registered encryption key '00000000000000000000000000000000': 0 pak files mounted, 0 remain pending
[2019.02.04-18.41.15:470][  0]LogPakFile: Registered encryption key '00000000000000000000000000000000': 0 pak files mounted, 0 remain pending
[2019.02.04-18.41.15:488][  0]LogPakFile: Registered encryption key '00000000000000000000000000000000': 0 pak files mounted, 0 remain pending
[2019.02.04-18.41.15:613][  0]LogPakFile: Registered encryption key '00000000000000000000000000000000': 0 pak files mounted, 0 remain pending
[2019.02.04-18.41.15:653][  0]LogPakFile: Registered encryption key '00000000000000000000000000000000': 0 pak files mounted, 0 remain pending
[2019.02.04-18.41.15:686][  0]LogPakFile: Registered encryption key '00000000000000000000000000000000': 0 pak files mounted, 0 remain pending
[2019.02.04-18.41.15:704][  0]LogPakFile: Registered encryption key '00000000000000000000000000000000': 0 pak files mounted, 0 remain pending
[2019.02.04-18.41.15:860][  0]LogPakFile: Registered encryption key '00000000000000000000000000000000': 0 pak files mounted, 0 remain pending
[2019.02.04-18.41.15:870][  0]LogPakFile: Registered encryption key '00000000000000000000000000000000': 0 pak files mounted, 0 remain pending
[2019.02.04-18.41.15:882][  0]LogPakFile: Registered encryption key '00000000000000000000000000000000': 0 pak files mounted, 0 remain pending
[2019.02.04-18.41.15:895][  0]LogPakFile: Registered encryption key '00000000000000000000000000000000': 0 pak files mounted, 0 remain pending
[2019.02.04-18.41.15:908][  0]LogPakFile: Registered encryption key '00000000000000000000000000000000': 0 pak files mounted, 0 remain pending
[2019.02.04-18.41.15:920][  0]LogPakFile: Registered encryption key '00000000000000000000000000000000': 0 pak files mounted, 0 remain pending
[2019.02.04-18.41.17:052][  0]LogContentBrowser: Native class hierarchy updated for 'AddContentDialog' in 0.0008 seconds. Added 0 classes and 0 folders.
[2019.02.04-18.41.17:138][  0]LogContentBrowser: Native class hierarchy updated for 'SceneOutliner' in 0.0008 seconds. Added 1 classes and 2 folders.
[2019.02.04-18.41.22:834][  0]LogSlate: Only BGRA pngs, bmps or icos are supported in by External Image Picker
[2019.02.04-18.41.22:946][  0]LogSlate: Took 0.000880 seconds to synchronously load lazily loaded font '../../../Engine/Content/Slate/Fonts/Roboto-Regular.ttf' (155K)
[2019.02.04-18.41.22:958][  0]LogSlate: Took 0.000593 seconds to synchronously load lazily loaded font '../../../Engine/Content/Slate/Fonts/Roboto-Bold.ttf' (160K)
[2019.02.04-18.41.23:018][  0]LogSlate: Took 0.028733 seconds to synchronously load lazily loaded font '../../../Engine/Content/Editor/Slate/Fonts/FontAwesome.ttf' (139K)
[2019.02.04-18.41.23:469][  0]LogTemp: Executing iPhonePackager certificates Engine -bundlename com.YourCompany.ParkourSolution17
[2019.02.04-18.41.23:470][  0]LogTemp: CWD: D:\Games\UE_4.21\Engine\Binaries\DotNET\IOS
[2019.02.04-18.41.23:470][  0]LogTemp: Initial Dir: D:\Games\UE_4.21
[2019.02.04-18.41.23:470][  0]LogTemp: Env CWD: D:\Games\UE_4.21\Engine\Binaries\DotNET\IOS
[2019.02.04-18.41.23:470][  0]LogTemp: BranchPath = LAPTOP-1MHJT2PQ/D/Games/UE_4.21/Engine/Binaries --- GameBranchPath = LAPTOP-1MHJT2PQ/D/Games/UE_4.21/Engine/Binaries
[2019.02.04-18.41.23:470][  0]LogTemp: IPP ERROR: Could not find provision directory 'C:\Users\Donut\AppData\Local/Apple Computer/MobileDevice/Provisioning Profiles/'.
[2019.02.04-18.41.23:470][  0]LogRenderer: Reallocating scene render targets to support 936x460 Format 10 NumSamples 1 (Frame:1).
[2019.02.04-18.41.23:892][  0]LogContentBrowser: Native class hierarchy updated for 'HierarchicalLODOutliner' in 0.0008 seconds. Added 0 classes and 0 folders.
[2019.02.04-18.41.23:893][  0]LogLoad: (Engine Initialization) Total time: 91.14 seconds
[2019.02.04-18.41.23:893][  0]LogLoad: (Engine Initialization) Total Blueprint compile time: 0.00 seconds
[2019.02.04-18.41.23:922][  0]LogWindowsTextInputMethodSystem: Display: IME system now deactivated.
[2019.02.04-18.41.24:035][  0]LogContentStreaming: Texture pool size now 1000 MB
[2019.02.04-18.41.24:094][  0]LogSlate: Took 0.020297 seconds to synchronously load lazily loaded font '../../../Engine/Content/Slate/Fonts/Roboto-Light.ttf' (167K)
[2019.02.04-18.41.24:253][  2]LogAssetRegistry: Asset discovery search completed in 73.0604 seconds
[2019.02.04-18.41.24:255][  2]LogCollectionManager: Rebuilt the object cache for 0 collections in 0.000000 seconds (found 0 objects)
[2019.02.04-18.41.24:256][  2]LogCollectionManager: Fixed up redirectors for 0 collections in 0.000102 seconds (updated 0 objects)
[2019.02.04-18.41.28:313][109]LogSlate: FSceneViewport::OnFocusLost() reason 0
[2019.02.04-18.41.28:314][109]LogTemp: Repeating last play command: Selected Viewport
[2019.02.04-18.41.28:395][109]LogBlueprintUserMessages: Early PlayInEditor Detection: Level '/Game/ThirdPersonBP/Maps/ThirdPersonExampleMap.ThirdPersonExampleMap:PersistentLevel' has LevelScriptBlueprint '/Game/ThirdPersonBP/Maps/ThirdPersonExampleMap.ThirdPersonExampleMap:PersistentLevel.ThirdPersonExampleMap' with GeneratedClass '/Game/ThirdPersonBP/Maps/ThirdPersonExampleMap.ThirdPersonExampleMap_C' with ClassGeneratedBy '/Game/ThirdPersonBP/Maps/ThirdPersonExampleMap.ThirdPersonExampleMap:PersistentLevel.ThirdPersonExampleMap'
[2019.02.04-18.41.28:395][109]LogPlayLevel: PlayLevel: No blueprints needed recompiling
[2019.02.04-18.41.28:397][109]PIE: New page: PIE session: ThirdPersonExampleMap (Feb 4, 2019, 8:41:28 AM)
[2019.02.04-18.41.28:413][109]LogPlayLevel: Creating play world package: /Game/ThirdPersonBP/Maps/UEDPIE_0_ThirdPersonExampleMap
[2019.02.04-18.41.28:470][109]LogPlayLevel: PIE: StaticDuplicateObject took: (0.056764s)
[2019.02.04-18.41.28:472][109]LogAIModule: Creating AISystem for world ThirdPersonExampleMap
[2019.02.04-18.41.28:472][109]LogPlayLevel: PIE: World Init took: (0.002163s)
[2019.02.04-18.41.28:473][109]LogPlayLevel: PIE: Created PIE world by copying editor world from /Game/ThirdPersonBP/Maps/ThirdPersonExampleMap.ThirdPersonExampleMap to /Game/ThirdPersonBP/Maps/UEDPIE_0_ThirdPersonExampleMap.ThirdPersonExampleMap (0.059961s)
[2019.02.04-18.41.28:543][109]LogInit: XAudio2 using 'Speakers (Realtek High Definition Audio)' : 2 channels at 48 kHz using 32 bits per sample (channel mask 0x3)
[2019.02.04-18.41.28:553][109]LogInit: FAudioDevice initialized.
[2019.02.04-18.41.30:939][109]LogLoad: Game class is 'ThirdPersonGameMode_C'
[2019.02.04-18.41.30:948][109]LogWorld: Bringing World /Game/ThirdPersonBP/Maps/UEDPIE_0_ThirdPersonExampleMap.ThirdPersonExampleMap up for play (max tick rate 60) at 2019.02.04-13.41.30
[2019.02.04-18.41.30:949][109]LogWorld: Bringing up level for play took: 0.005018
[2019.02.04-18.41.30:980][109]LogContentBrowser: Native class hierarchy updated for 'MovieSceneCapture' in 0.0011 seconds. Added 20 classes and 0 folders.
[2019.02.04-18.41.30:991][109]PIE: Play in editor start time for /Game/ThirdPersonBP/Maps/UEDPIE_0_ThirdPersonExampleMap 1.73
[2019.02.04-18.41.30:992][109]LogBlueprintUserMessages: Late PlayInEditor Detection: Level '/Game/ThirdPersonBP/Maps/ThirdPersonExampleMap.ThirdPersonExampleMap:PersistentLevel' has LevelScriptBlueprint '/Game/ThirdPersonBP/Maps/ThirdPersonExampleMap.ThirdPersonExampleMap:PersistentLevel.ThirdPersonExampleMap' with GeneratedClass '/Game/ThirdPersonBP/Maps/ThirdPersonExampleMap.ThirdPersonExampleMap_C' with ClassGeneratedBy '/Game/ThirdPersonBP/Maps/ThirdPersonExampleMap.ThirdPersonExampleMap:PersistentLevel.ThirdPersonExampleMap'
[2019.02.04-18.41.34:015][200]LogBlueprintUserMessages: [ThirdPersonCharacter_C_0] Ledge Step
[2019.02.04-18.41.36:779][283]LogBlueprintUserMessages: [ThirdPersonCharacter_C_0] Ledge Mantle
[2019.02.04-18.41.41:013][410]LogBlueprintUserMessages: [ThirdPersonCharacter_C_0] Rail Vault
[2019.02.04-18.41.42:343][450]LogBlueprintUserMessages: [ThirdPersonCharacter_C_0] Ledge Vault
[2019.02.04-18.41.43:078][472]LogBlueprintUserMessages: [ThirdPersonCharacter_C_0] Ledge Step
[2019.02.04-18.41.43:610][488]LogBlueprintUserMessages: [ThirdPersonCharacter_C_0] Ledge Step
[2019.02.04-18.41.44:110][503]LogBlueprintUserMessages: [ThirdPersonCharacter_C_0] Ledge None
[2019.02.04-18.41.44:143][504]LogBlueprintUserMessages: [ThirdPersonCharacter_C_0] Ledge None
[2019.02.04-18.41.44:176][505]LogBlueprintUserMessages: [ThirdPersonCharacter_C_0] Ledge None
[2019.02.04-18.41.44:212][506]LogBlueprintUserMessages: [ThirdPersonCharacter_C_0] Ledge None
[2019.02.04-18.41.44:245][507]LogBlueprintUserMessages: [ThirdPersonCharacter_C_0] Ledge None
[2019.02.04-18.41.44:410][512]LogBlueprintUserMessages: [ThirdPersonCharacter_C_0] Ledge Step
[2019.02.04-18.41.44:943][528]LogBlueprintUserMessages: [ThirdPersonCharacter_C_0] Ledge Step
[2019.02.04-18.41.47:709][611]LogBlueprintUserMessages: [ThirdPersonCharacter_C_0] Ledge Mantle
[2019.02.04-18.41.51:242][717]LogBlueprintUserMessages: [ThirdPersonCharacter_C_0] Rail None
[2019.02.04-18.41.51:273][718]LogBlueprintUserMessages: [ThirdPersonCharacter_C_0] Rail Mantle
[2019.02.04-18.41.52:177][745]LogBlueprintUserMessages: [ThirdPersonCharacter_C_0] Rail Vault
[2019.02.04-18.41.54:572][817]LogBlueprintUserMessages: [ThirdPersonCharacter_C_0] Ledge Step
[2019.02.04-18.41.55:741][852]LogBlueprintUserMessages: [ThirdPersonCharacter_C_0] Ledge Mantle
[2019.02.04-18.41.59:171][955]LogBlueprintUserMessages: [ThirdPersonCharacter_C_0] Rail Step
[2019.02.04-18.42.02:202][ 46]LogBlueprintUserMessages: [ThirdPersonCharacter_C_0] Ledge Vault
[2019.02.04-18.42.04:835][125]LogBlueprintUserMessages: Early EndPlayMap Detection: Level '/Game/ThirdPersonBP/Maps/ThirdPersonExampleMap.ThirdPersonExampleMap:PersistentLevel' has LevelScriptBlueprint '/Game/ThirdPersonBP/Maps/ThirdPersonExampleMap.ThirdPersonExampleMap:PersistentLevel.ThirdPersonExampleMap' with GeneratedClass '/Game/ThirdPersonBP/Maps/ThirdPersonExampleMap.ThirdPersonExampleMap_C' with ClassGeneratedBy '/Game/ThirdPersonBP/Maps/ThirdPersonExampleMap.ThirdPersonExampleMap:PersistentLevel.ThirdPersonExampleMap'
[2019.02.04-18.42.04:836][125]LogSlate: Updating window title bar state: overlay mode, drag disabled, window buttons hidden, title bar hidden
[2019.02.04-18.42.04:901][125]LogPlayLevel: Display: Shutting down PIE online subsystems
[2019.02.04-18.42.04:901][125]LogBlueprintUserMessages: Late EndPlayMap Detection: Level '/Game/ThirdPersonBP/Maps/ThirdPersonExampleMap.ThirdPersonExampleMap:PersistentLevel' has LevelScriptBlueprint '/Game/ThirdPersonBP/Maps/ThirdPersonExampleMap.ThirdPersonExampleMap:PersistentLevel.ThirdPersonExampleMap' with GeneratedClass '/Game/ThirdPersonBP/Maps/ThirdPersonExampleMap.ThirdPersonExampleMap_C' with ClassGeneratedBy '/Game/ThirdPersonBP/Maps/ThirdPersonExampleMap.ThirdPersonExampleMap:PersistentLevel.ThirdPersonExampleMap'
[2019.02.04-18.42.04:932][125]LogSlate: Updating window title bar state: overlay mode, drag disabled, window buttons hidden, title bar hidden
[2019.02.04-18.42.04:976][126]LogPlayLevel: Display: Destroying online subsystem :Context_2
[2019.02.04-18.42.06:451][172]LogSlate: FSceneViewport::OnFocusLost() reason 0
[2019.02.04-18.42.18:720][422]LogD3D11RHI: Timed out while waiting for GPU to catch up. (0.5 s)
[2019.02.04-18.42.18:803][422]LogD3D11RHI: Error: Result failed 
 at D:\Build\++UE4\Sync\Engine\Source\Runtime\Windows\D3D11RHI\Private\D3D11Query.cpp:140 
 with error DXGI_ERROR_DEVICE_REMOVED DXGI_ERROR_DEVICE_HUNG
[2019.02.04-18.42.18:803][422]LogD3D11RHI: [Aftermath] GDynamicRHI=0000022B3EADA140, GDX11NVAfterMathEnabled=0, Result=0xFFFFFFFF, bDeviceActive=0
[2019.02.04-18.42.18:803][422]LogWindows: Windows GetLastError: The operation completed successfully. (0)
[2019.02.04-18.42.22:622][422]LogOutputDevice: Warning: 

Script Stack (0 frames):

[2019.02.04-18.42.22:622][422]LogWindows: Windows GetLastError: The operation completed successfully. (0)
[2019.02.04-18.42.22:642][422]LogRHI: Error: SyncInterval 0
[2019.02.04-18.42.22:642][422]LogRHI: Error: SwapChainDesc.BufferDesc.Width 418
[2019.02.04-18.42.22:642][422]LogRHI: Error: SwapChainDesc.BufferDesc.Height 78
[2019.02.04-18.42.22:642][422]LogRHI: Error: SwapChainDesc.BufferDesc.RefreshRate.Numerator 0
[2019.02.04-18.42.22:642][422]LogRHI: Error: SwapChainDesc.BufferDesc.RefreshRate.Denominator 0
[2019.02.04-18.42.22:642][422]LogRHI: Error: SwapChainDesc.BufferDesc.Format 24
[2019.02.04-18.42.22:642][422]LogRHI: Error: SwapChainDesc.BufferDesc.ScanlineOrdering 0
[2019.02.04-18.42.22:642][422]LogRHI: Error: SwapChainDesc.BufferDesc.Scaling 0
[2019.02.04-18.42.22:642][422]LogRHI: Error: SwapChainDesc.SampleDesc.Count 1
[2019.02.04-18.42.22:642][422]LogRHI: Error: SwapChainDesc.SampleDesc.Quality 0
[2019.02.04-18.42.22:642][422]LogRHI: Error: SwapChainDesc.BufferUsage 48
[2019.02.04-18.42.22:642][422]LogRHI: Error: SwapChainDesc.BufferCount 1
[2019.02.04-18.42.22:642][422]LogRHI: Error: SwapChainDesc.OutputWindow 0000000000050888
[2019.02.04-18.42.22:642][422]LogRHI: Error: SwapChainDesc.Windowed true
[2019.02.04-18.42.22:642][422]LogRHI: Error: SwapChainDesc.SwapEffect 0
[2019.02.04-18.42.22:642][422]LogRHI: Error: SwapChainDesc.Flags 2
[2019.02.04-18.42.22:642][422]LogD3D11RHI: Error: Result failed 
 at D:\Build\++UE4\Sync\Engine\Source\Runtime\Windows\D3D11RHI\Private\D3D11Viewport.cpp:361 
 with error DXGI_ERROR_DEVICE_REMOVED DXGI_ERROR_DEVICE_HUNG
[2019.02.04-18.42.22:642][422]LogD3D11RHI: [Aftermath] GDynamicRHI=0000022B3EADA140, GDX11NVAfterMathEnabled=0, Result=0xFFFFFFFF, bDeviceActive=0
[2019.02.04-18.42.22:642][422]LogWindows: FPlatformMisc::RequestExit(1)
[2019.02.04-18.42.22:642][422]LogWindows: Error: === Critical error: ===
[2019.02.04-18.42.22:642][422]LogWindows: Error: 
[2019.02.04-18.42.22:642][422]LogWindows: Error: Fatal error: [File:D:\Build\++UE4\Sync\Engine\Source\Runtime\Windows\D3D11RHI\Private\D3D11Util.cpp] [Line: 200] 
[2019.02.04-18.42.22:642][422]LogWindows: Error: Unreal Engine is exiting due to D3D device being lost. (Error: 0x887A0006 - 'HUNG')
[2019.02.04-18.42.22:642][422]LogWindows: Error: 
[2019.02.04-18.42.22:642][422]LogWindows: Error: 
[2019.02.04-18.42.22:642][422]LogWindows: Error: 
[2019.02.04-18.42.22:697][422]LogExit: Executing StaticShutdownAfterError
[2019.02.04-18.42.22:722][422]LogWindows: FPlatformMisc::RequestExit(1)
[2019.02.04-18.42.22:727][422]Log file closed, 02/04/19 13:42:22
